CRITICAL - 2021-05-29 06:02:24 --> No token provided
#0 C:\Users\ASUS\Desktop\smartweb\vendor\jwilsson\spotify-web-api-php\src\Request.php(263): SpotifyWebAPI\Request->parseBody(Object(stdClass), 401)
#1 C:\Users\ASUS\Desktop\smartweb\vendor\jwilsson\spotify-web-api-php\src\Request.php(138): SpotifyWebAPI\Request->send('GET', 'https://api.spo...', 'limit=10&q=srup...', Array)
#2 C:\Users\ASUS\Desktop\smartweb\vendor\jwilsson\spotify-web-api-php\src\SpotifyWebAPI.php(115): SpotifyWebAPI\Request->api('GET', '/v1/search', Array, Array)
#3 C:\Users\ASUS\Desktop\smartweb\vendor\jwilsson\spotify-web-api-php\src\SpotifyWebAPI.php(1950): SpotifyWebAPI\SpotifyWebAPI->sendRequest('GET', '/v1/search', Array)
#4 C:\Users\ASUS\Desktop\smartweb\app\Controllers\Search.php(36): SpotifyWebAPI\SpotifyWebAPI->search('sruput', 'show', Array)
#5 C:\Users\ASUS\Desktop\smartweb\vendor\codeigniter4\framework\system\CodeIgniter.php(936): App\Controllers\Search->index()
#6 C:\Users\ASUS\Desktop\smartweb\vendor\codeigniter4\framework\system\CodeIgniter.php(432): CodeIgniter\CodeIgniter->runController(Object(App\Controllers\Search))
#7 C:\Users\ASUS\Desktop\smartweb\vendor\codeigniter4\framework\system\CodeIgniter.php(333): CodeIgniter\CodeIgniter->handleRequest(NULL, Object(Config\Cache), false)
#8 C:\Users\ASUS\Desktop\smartweb\public\index.php(44): CodeIgniter\CodeIgniter->run()
#9 C:\Users\ASUS\Desktop\smartweb\vendor\codeigniter4\framework\system\Commands\Server\rewrite.php(45): require_once('C:\\Users\\ASUS\\D...')
#10 {main}
CRITICAL - 2021-05-29 06:05:41 --> Undefined index: accToken
#0 C:\Users\ASUS\Desktop\smartweb\app\Controllers\Search.php(33): CodeIgniter\Debug\Exceptions->errorHandler(8, 'Undefined index...', 'C:\\Users\\ASUS\\D...', 33, Array)
#1 C:\Users\ASUS\Desktop\smartweb\vendor\codeigniter4\framework\system\CodeIgniter.php(936): App\Controllers\Search->index()
#2 C:\Users\ASUS\Desktop\smartweb\vendor\codeigniter4\framework\system\CodeIgniter.php(432): CodeIgniter\CodeIgniter->runController(Object(App\Controllers\Search))
#3 C:\Users\ASUS\Desktop\smartweb\vendor\codeigniter4\framework\system\CodeIgniter.php(333): CodeIgniter\CodeIgniter->handleRequest(NULL, Object(Config\Cache), false)
#4 C:\Users\ASUS\Desktop\smartweb\public\index.php(44): CodeIgniter\CodeIgniter->run()
#5 C:\Users\ASUS\Desktop\smartweb\vendor\codeigniter4\framework\system\Commands\Server\rewrite.php(45): require_once('C:\\Users\\ASUS\\D...')
#6 {main}
CRITICAL - 2021-05-29 08:26:09 --> Too few arguments to function App\Controllers\Search::index(), 0 passed in C:\Users\ASUS\Desktop\smartweb\vendor\codeigniter4\framework\system\CodeIgniter.php on line 936 and exactly 1 expected
#0 C:\Users\ASUS\Desktop\smartweb\vendor\codeigniter4\framework\system\CodeIgniter.php(936): App\Controllers\Search->index()
#1 C:\Users\ASUS\Desktop\smartweb\vendor\codeigniter4\framework\system\CodeIgniter.php(432): CodeIgniter\CodeIgniter->runController(Object(App\Controllers\Search))
#2 C:\Users\ASUS\Desktop\smartweb\vendor\codeigniter4\framework\system\CodeIgniter.php(333): CodeIgniter\CodeIgniter->handleRequest(NULL, Object(Config\Cache), false)
#3 C:\Users\ASUS\Desktop\smartweb\public\index.php(44): CodeIgniter\CodeIgniter->run()
#4 C:\Users\ASUS\Desktop\smartweb\vendor\codeigniter4\framework\system\Commands\Server\rewrite.php(45): require_once('C:\\Users\\ASUS\\D...')
#5 {main}
CRITICAL - 2021-05-29 08:27:56 --> No search query
#0 C:\Users\ASUS\Desktop\smartweb\vendor\jwilsson\spotify-web-api-php\src\Request.php(263): SpotifyWebAPI\Request->parseBody(Object(stdClass), 400)
#1 C:\Users\ASUS\Desktop\smartweb\vendor\jwilsson\spotify-web-api-php\src\Request.php(138): SpotifyWebAPI\Request->send('GET', 'https://api.spo...', 'limit=10&type=s...', Array)
#2 C:\Users\ASUS\Desktop\smartweb\vendor\jwilsson\spotify-web-api-php\src\SpotifyWebAPI.php(115): SpotifyWebAPI\Request->api('GET', '/v1/search', Array, Array)
#3 C:\Users\ASUS\Desktop\smartweb\vendor\jwilsson\spotify-web-api-php\src\SpotifyWebAPI.php(1950): SpotifyWebAPI\SpotifyWebAPI->sendRequest('GET', '/v1/search', Array)
#4 C:\Users\ASUS\Desktop\smartweb\app\Controllers\Search.php(38): SpotifyWebAPI\SpotifyWebAPI->search(NULL, 'show', Array)
#5 C:\Users\ASUS\Desktop\smartweb\vendor\codeigniter4\framework\system\CodeIgniter.php(936): App\Controllers\Search->index()
#6 C:\Users\ASUS\Desktop\smartweb\vendor\codeigniter4\framework\system\CodeIgniter.php(432): CodeIgniter\CodeIgniter->runController(Object(App\Controllers\Search))
#7 C:\Users\ASUS\Desktop\smartweb\vendor\codeigniter4\framework\system\CodeIgniter.php(333): CodeIgniter\CodeIgniter->handleRequest(NULL, Object(Config\Cache), false)
#8 C:\Users\ASUS\Desktop\smartweb\public\index.php(44): CodeIgniter\CodeIgniter->run()
#9 C:\Users\ASUS\Desktop\smartweb\vendor\codeigniter4\framework\system\Commands\Server\rewrite.php(45): require_once('C:\\Users\\ASUS\\D...')
#10 {main}
CRITICAL - 2021-05-29 08:28:09 --> Undefined variable: data_episode
#0 C:\Users\ASUS\Desktop\smartweb\app\Views\search\search.php(7): CodeIgniter\Debug\Exceptions->errorHandler(8, 'Undefined varia...', 'C:\\Users\\ASUS\\D...', 7, Array)
#1 C:\Users\ASUS\Desktop\smartweb\vendor\codeigniter4\framework\system\View\View.php(220): include('C:\\Users\\ASUS\\D...')
#2 C:\Users\ASUS\Desktop\smartweb\vendor\codeigniter4\framework\system\View\View.php(222): CodeIgniter\View\View->CodeIgniter\View\{closure}()
#3 C:\Users\ASUS\Desktop\smartweb\vendor\codeigniter4\framework\system\Common.php(1217): CodeIgniter\View\View->render('search/search', Array, true)
#4 C:\Users\ASUS\Desktop\smartweb\app\Controllers\Search.php(53): view('search/search', Array)
#5 C:\Users\ASUS\Desktop\smartweb\vendor\codeigniter4\framework\system\CodeIgniter.php(936): App\Controllers\Search->index()
#6 C:\Users\ASUS\Desktop\smartweb\vendor\codeigniter4\framework\system\CodeIgniter.php(432): CodeIgniter\CodeIgniter->runController(Object(App\Controllers\Search))
#7 C:\Users\ASUS\Desktop\smartweb\vendor\codeigniter4\framework\system\CodeIgniter.php(333): CodeIgniter\CodeIgniter->handleRequest(NULL, Object(Config\Cache), false)
#8 C:\Users\ASUS\Desktop\smartweb\public\index.php(44): CodeIgniter\CodeIgniter->run()
#9 C:\Users\ASUS\Desktop\smartweb\vendor\codeigniter4\framework\system\Commands\Server\rewrite.php(45): require_once('C:\\Users\\ASUS\\D...')
#10 {main}
