CRITICAL - 2021-04-04 21:56:18 --> Call to a member function findAll() on null
#0 C:\xampp\htdocs\restapi\vendor\codeigniter4\framework\system\CodeIgniter.php(936): App\Controllers\Kontak->index()
#1 C:\xampp\htdocs\restapi\vendor\codeigniter4\framework\system\CodeIgniter.php(432): CodeIgniter\CodeIgniter->runController(Object(App\Controllers\Kontak))
#2 C:\xampp\htdocs\restapi\vendor\codeigniter4\framework\system\CodeIgniter.php(333): CodeIgniter\CodeIgniter->handleRequest(NULL, Object(Config\Cache), false)
#3 C:\xampp\htdocs\restapi\public\index.php(44): CodeIgniter\CodeIgniter->run()
#4 C:\xampp\htdocs\restapi\vendor\codeigniter4\framework\system\Commands\Server\rewrite.php(45): require_once('C:\\xampp\\htdocs...')
#5 {main}
CRITICAL - 2021-04-04 22:02:54 --> Call to a member function findAll() on null
#0 C:\xampp\htdocs\restapi\vendor\codeigniter4\framework\system\CodeIgniter.php(936): App\Controllers\Kontak->index()
#1 C:\xampp\htdocs\restapi\vendor\codeigniter4\framework\system\CodeIgniter.php(432): CodeIgniter\CodeIgniter->runController(Object(App\Controllers\Kontak))
#2 C:\xampp\htdocs\restapi\vendor\codeigniter4\framework\system\CodeIgniter.php(333): CodeIgniter\CodeIgniter->handleRequest(NULL, Object(Config\Cache), false)
#3 C:\xampp\htdocs\restapi\public\index.php(44): CodeIgniter\CodeIgniter->run()
#4 C:\xampp\htdocs\restapi\vendor\codeigniter4\framework\system\Commands\Server\rewrite.php(45): require_once('C:\\xampp\\htdocs...')
#5 {main}
CRITICAL - 2021-04-04 22:05:53 --> Call to a member function findAll() on null
#0 C:\xampp\htdocs\restapi\vendor\codeigniter4\framework\system\CodeIgniter.php(936): App\Controllers\Kontak->index()
#1 C:\xampp\htdocs\restapi\vendor\codeigniter4\framework\system\CodeIgniter.php(432): CodeIgniter\CodeIgniter->runController(Object(App\Controllers\Kontak))
#2 C:\xampp\htdocs\restapi\vendor\codeigniter4\framework\system\CodeIgniter.php(333): CodeIgniter\CodeIgniter->handleRequest(NULL, Object(Config\Cache), false)
#3 C:\xampp\htdocs\restapi\public\index.php(44): CodeIgniter\CodeIgniter->run()
#4 C:\xampp\htdocs\restapi\vendor\codeigniter4\framework\system\Commands\Server\rewrite.php(45): require_once('C:\\xampp\\htdocs...')
#5 {main}
ERROR - 2021-04-04 22:06:15 --> Error connecting to the database: Access denied for user '****'@'localhost' (using password: YES)
CRITICAL - 2021-04-04 22:06:15 --> Unable to connect to the database.
#0 C:\xampp\htdocs\restapi\vendor\codeigniter4\framework\system\Database\BaseConnection.php(618): CodeIgniter\Database\BaseConnection->initialize()
#1 C:\xampp\htdocs\restapi\vendor\codeigniter4\framework\system\Database\BaseBuilder.php(1866): CodeIgniter\Database\BaseConnection->query('SELECT *\nFROM `...', Array, false)
#2 C:\xampp\htdocs\restapi\vendor\codeigniter4\framework\system\Model.php(213): CodeIgniter\Database\BaseBuilder->get()
#3 C:\xampp\htdocs\restapi\vendor\codeigniter4\framework\system\BaseModel.php(583): CodeIgniter\Model->doFindAll(0, 0)
#4 C:\xampp\htdocs\restapi\app\Controllers\Kontak.php(14): CodeIgniter\BaseModel->findAll()
#5 C:\xampp\htdocs\restapi\vendor\codeigniter4\framework\system\CodeIgniter.php(936): App\Controllers\Kontak->index()
#6 C:\xampp\htdocs\restapi\vendor\codeigniter4\framework\system\CodeIgniter.php(432): CodeIgniter\CodeIgniter->runController(Object(App\Controllers\Kontak))
#7 C:\xampp\htdocs\restapi\vendor\codeigniter4\framework\system\CodeIgniter.php(333): CodeIgniter\CodeIgniter->handleRequest(NULL, Object(Config\Cache), false)
#8 C:\xampp\htdocs\restapi\public\index.php(44): CodeIgniter\CodeIgniter->run()
#9 C:\xampp\htdocs\restapi\vendor\codeigniter4\framework\system\Commands\Server\rewrite.php(45): require_once('C:\\xampp\\htdocs...')
#10 {main}
ERROR - 2021-04-04 22:06:53 --> Error connecting to the database: Access denied for user '****'@'localhost' (using password: YES)
CRITICAL - 2021-04-04 22:06:53 --> Unable to connect to the database.
#0 C:\xampp\htdocs\restapi\vendor\codeigniter4\framework\system\Database\BaseConnection.php(618): CodeIgniter\Database\BaseConnection->initialize()
#1 C:\xampp\htdocs\restapi\vendor\codeigniter4\framework\system\Database\BaseBuilder.php(1866): CodeIgniter\Database\BaseConnection->query('SELECT *\nFROM `...', Array, false)
#2 C:\xampp\htdocs\restapi\vendor\codeigniter4\framework\system\Model.php(213): CodeIgniter\Database\BaseBuilder->get()
#3 C:\xampp\htdocs\restapi\vendor\codeigniter4\framework\system\BaseModel.php(583): CodeIgniter\Model->doFindAll(0, 0)
#4 C:\xampp\htdocs\restapi\app\Controllers\Kontak.php(14): CodeIgniter\BaseModel->findAll()
#5 C:\xampp\htdocs\restapi\vendor\codeigniter4\framework\system\CodeIgniter.php(936): App\Controllers\Kontak->index()
#6 C:\xampp\htdocs\restapi\vendor\codeigniter4\framework\system\CodeIgniter.php(432): CodeIgniter\CodeIgniter->runController(Object(App\Controllers\Kontak))
#7 C:\xampp\htdocs\restapi\vendor\codeigniter4\framework\system\CodeIgniter.php(333): CodeIgniter\CodeIgniter->handleRequest(NULL, Object(Config\Cache), false)
#8 C:\xampp\htdocs\restapi\public\index.php(44): CodeIgniter\CodeIgniter->run()
#9 C:\xampp\htdocs\restapi\vendor\codeigniter4\framework\system\Commands\Server\rewrite.php(45): require_once('C:\\xampp\\htdocs...')
#10 {main}
CRITICAL - 2021-04-04 22:26:38 --> Undefined variable: user
#0 C:\xampp\htdocs\restapi\app\Controllers\Kontak.php(21): CodeIgniter\Debug\Exceptions->errorHandler(8, 'Undefined varia...', 'C:\\xampp\\htdocs...', 21, Array)
#1 C:\xampp\htdocs\restapi\vendor\codeigniter4\framework\system\CodeIgniter.php(936): App\Controllers\Kontak->create()
#2 C:\xampp\htdocs\restapi\vendor\codeigniter4\framework\system\CodeIgniter.php(432): CodeIgniter\CodeIgniter->runController(Object(App\Controllers\Kontak))
#3 C:\xampp\htdocs\restapi\vendor\codeigniter4\framework\system\CodeIgniter.php(333): CodeIgniter\CodeIgniter->handleRequest(NULL, Object(Config\Cache), false)
#4 C:\xampp\htdocs\restapi\public\index.php(44): CodeIgniter\CodeIgniter->run()
#5 C:\xampp\htdocs\restapi\vendor\codeigniter4\framework\system\Commands\Server\rewrite.php(45): require_once('C:\\xampp\\htdocs...')
#6 {main}
CRITICAL - 2021-04-04 23:03:32 --> Call to undefined method App\Models\KontakModel::findById
#0 C:\xampp\htdocs\restapi\app\Controllers\Kontak.php(26): CodeIgniter\Model->__call('findById', Array)
#1 C:\xampp\htdocs\restapi\vendor\codeigniter4\framework\system\CodeIgniter.php(936): App\Controllers\Kontak->update('2')
#2 C:\xampp\htdocs\restapi\vendor\codeigniter4\framework\system\CodeIgniter.php(432): CodeIgniter\CodeIgniter->runController(Object(App\Controllers\Kontak))
#3 C:\xampp\htdocs\restapi\vendor\codeigniter4\framework\system\CodeIgniter.php(333): CodeIgniter\CodeIgniter->handleRequest(NULL, Object(Config\Cache), false)
#4 C:\xampp\htdocs\restapi\public\index.php(44): CodeIgniter\CodeIgniter->run()
#5 C:\xampp\htdocs\restapi\vendor\codeigniter4\framework\system\Commands\Server\rewrite.php(45): require_once('C:\\xampp\\htdocs...')
#6 {main}
CRITICAL - 2021-04-04 23:20:09 --> syntax error, unexpected ''messages'' (T_CONSTANT_ENCAPSED_STRING), expecting ']'
#0 C:\xampp\htdocs\restapi\vendor\codeigniter4\framework\system\Autoloader\Autoloader.php(265): CodeIgniter\Autoloader\Autoloader->includeFile('C:\\xampp\\htdocs...')
#1 C:\xampp\htdocs\restapi\vendor\codeigniter4\framework\system\Autoloader\Autoloader.php(228): CodeIgniter\Autoloader\Autoloader->loadInNamespace('App\\Controllers...')
#2 [internal function]: CodeIgniter\Autoloader\Autoloader->loadClass('App\\Controllers...')
#3 [internal function]: spl_autoload_call('App\\Controllers...')
#4 C:\xampp\htdocs\restapi\vendor\codeigniter4\framework\system\CodeIgniter.php(893): class_exists('\\App\\Controller...', true)
#5 C:\xampp\htdocs\restapi\vendor\codeigniter4\framework\system\CodeIgniter.php(417): CodeIgniter\CodeIgniter->startController()
#6 C:\xampp\htdocs\restapi\vendor\codeigniter4\framework\system\CodeIgniter.php(333): CodeIgniter\CodeIgniter->handleRequest(NULL, Object(Config\Cache), false)
#7 C:\xampp\htdocs\restapi\public\index.php(44): CodeIgniter\CodeIgniter->run()
#8 C:\xampp\htdocs\restapi\vendor\codeigniter4\framework\system\Commands\Server\rewrite.php(45): require_once('C:\\xampp\\htdocs...')
#9 {main}
CRITICAL - 2021-04-04 23:20:34 --> syntax error, unexpected ''messages'' (T_CONSTANT_ENCAPSED_STRING), expecting ']'
#0 C:\xampp\htdocs\restapi\vendor\codeigniter4\framework\system\Autoloader\Autoloader.php(265): CodeIgniter\Autoloader\Autoloader->includeFile('C:\\xampp\\htdocs...')
#1 C:\xampp\htdocs\restapi\vendor\codeigniter4\framework\system\Autoloader\Autoloader.php(228): CodeIgniter\Autoloader\Autoloader->loadInNamespace('App\\Controllers...')
#2 [internal function]: CodeIgniter\Autoloader\Autoloader->loadClass('App\\Controllers...')
#3 [internal function]: spl_autoload_call('App\\Controllers...')
#4 C:\xampp\htdocs\restapi\vendor\codeigniter4\framework\system\CodeIgniter.php(893): class_exists('\\App\\Controller...', true)
#5 C:\xampp\htdocs\restapi\vendor\codeigniter4\framework\system\CodeIgniter.php(417): CodeIgniter\CodeIgniter->startController()
#6 C:\xampp\htdocs\restapi\vendor\codeigniter4\framework\system\CodeIgniter.php(333): CodeIgniter\CodeIgniter->handleRequest(NULL, Object(Config\Cache), false)
#7 C:\xampp\htdocs\restapi\public\index.php(44): CodeIgniter\CodeIgniter->run()
#8 C:\xampp\htdocs\restapi\vendor\codeigniter4\framework\system\Commands\Server\rewrite.php(45): require_once('C:\\xampp\\htdocs...')
#9 {main}
CRITICAL - 2021-04-04 23:20:58 --> syntax error, unexpected ';', expecting ']'
#0 C:\xampp\htdocs\restapi\vendor\codeigniter4\framework\system\Autoloader\Autoloader.php(265): CodeIgniter\Autoloader\Autoloader->includeFile('C:\\xampp\\htdocs...')
#1 C:\xampp\htdocs\restapi\vendor\codeigniter4\framework\system\Autoloader\Autoloader.php(228): CodeIgniter\Autoloader\Autoloader->loadInNamespace('App\\Controllers...')
#2 [internal function]: CodeIgniter\Autoloader\Autoloader->loadClass('App\\Controllers...')
#3 [internal function]: spl_autoload_call('App\\Controllers...')
#4 C:\xampp\htdocs\restapi\vendor\codeigniter4\framework\system\CodeIgniter.php(893): class_exists('\\App\\Controller...', true)
#5 C:\xampp\htdocs\restapi\vendor\codeigniter4\framework\system\CodeIgniter.php(417): CodeIgniter\CodeIgniter->startController()
#6 C:\xampp\htdocs\restapi\vendor\codeigniter4\framework\system\CodeIgniter.php(333): CodeIgniter\CodeIgniter->handleRequest(NULL, Object(Config\Cache), false)
#7 C:\xampp\htdocs\restapi\public\index.php(44): CodeIgniter\CodeIgniter->run()
#8 C:\xampp\htdocs\restapi\vendor\codeigniter4\framework\system\Commands\Server\rewrite.php(45): require_once('C:\\xampp\\htdocs...')
#9 {main}
CRITICAL - 2021-04-04 23:24:27 --> Undefined variable: data
#0 C:\xampp\htdocs\restapi\app\Controllers\Kontak.php(54): CodeIgniter\Debug\Exceptions->errorHandler(8, 'Undefined varia...', 'C:\\xampp\\htdocs...', 54, Array)
#1 C:\xampp\htdocs\restapi\vendor\codeigniter4\framework\system\CodeIgniter.php(936): App\Controllers\Kontak->delete('8')
#2 C:\xampp\htdocs\restapi\vendor\codeigniter4\framework\system\CodeIgniter.php(432): CodeIgniter\CodeIgniter->runController(Object(App\Controllers\Kontak))
#3 C:\xampp\htdocs\restapi\vendor\codeigniter4\framework\system\CodeIgniter.php(333): CodeIgniter\CodeIgniter->handleRequest(NULL, Object(Config\Cache), false)
#4 C:\xampp\htdocs\restapi\public\index.php(44): CodeIgniter\CodeIgniter->run()
#5 C:\xampp\htdocs\restapi\vendor\codeigniter4\framework\system\Commands\Server\rewrite.php(45): require_once('C:\\xampp\\htdocs...')
#6 {main}
CRITICAL - 2021-04-04 23:36:25 --> syntax error, unexpected '}', expecting ';'
#0 C:\xampp\htdocs\restapi\vendor\codeigniter4\framework\system\Autoloader\Autoloader.php(265): CodeIgniter\Autoloader\Autoloader->includeFile('C:\\xampp\\htdocs...')
#1 C:\xampp\htdocs\restapi\vendor\codeigniter4\framework\system\Autoloader\Autoloader.php(228): CodeIgniter\Autoloader\Autoloader->loadInNamespace('App\\Controllers...')
#2 [internal function]: CodeIgniter\Autoloader\Autoloader->loadClass('App\\Controllers...')
#3 [internal function]: spl_autoload_call('App\\Controllers...')
#4 C:\xampp\htdocs\restapi\vendor\codeigniter4\framework\system\CodeIgniter.php(893): class_exists('\\App\\Controller...', true)
#5 C:\xampp\htdocs\restapi\vendor\codeigniter4\framework\system\CodeIgniter.php(417): CodeIgniter\CodeIgniter->startController()
#6 C:\xampp\htdocs\restapi\vendor\codeigniter4\framework\system\CodeIgniter.php(333): CodeIgniter\CodeIgniter->handleRequest(NULL, Object(Config\Cache), false)
#7 C:\xampp\htdocs\restapi\public\index.php(44): CodeIgniter\CodeIgniter->run()
#8 C:\xampp\htdocs\restapi\vendor\codeigniter4\framework\system\Commands\Server\rewrite.php(45): require_once('C:\\xampp\\htdocs...')
#9 {main}
CRITICAL - 2021-04-04 23:36:44 --> Undefined variable: data
#0 C:\xampp\htdocs\restapi\app\Controllers\Kontak.php(67): CodeIgniter\Debug\Exceptions->errorHandler(8, 'Undefined varia...', 'C:\\xampp\\htdocs...', 67, Array)
#1 C:\xampp\htdocs\restapi\vendor\codeigniter4\framework\system\CodeIgniter.php(936): App\Controllers\Kontak->show('1')
#2 C:\xampp\htdocs\restapi\vendor\codeigniter4\framework\system\CodeIgniter.php(432): CodeIgniter\CodeIgniter->runController(Object(App\Controllers\Kontak))
#3 C:\xampp\htdocs\restapi\vendor\codeigniter4\framework\system\CodeIgniter.php(333): CodeIgniter\CodeIgniter->handleRequest(NULL, Object(Config\Cache), false)
#4 C:\xampp\htdocs\restapi\public\index.php(44): CodeIgniter\CodeIgniter->run()
#5 C:\xampp\htdocs\restapi\vendor\codeigniter4\framework\system\Commands\Server\rewrite.php(45): require_once('C:\\xampp\\htdocs...')
#6 {main}
