CRITICAL - 2021-04-12 20:52:47 --> Invalid file: dahsboard/dashboard.php
#0 C:\xampp\htdocs\restapi\vendor\codeigniter4\framework\system\View\View.php(203): CodeIgniter\Exceptions\FrameworkException::forInvalidFile('dahsboard/dashb...')
#1 C:\xampp\htdocs\restapi\vendor\codeigniter4\framework\system\Common.php(1217): CodeIgniter\View\View->render('dahsboard/dashb...', Array, true)
#2 C:\xampp\htdocs\restapi\app\Controllers\Dashboard.php(9): view('dahsboard/dashb...')
#3 C:\xampp\htdocs\restapi\vendor\codeigniter4\framework\system\CodeIgniter.php(936): App\Controllers\Dashboard->index()
#4 C:\xampp\htdocs\restapi\vendor\codeigniter4\framework\system\CodeIgniter.php(432): CodeIgniter\CodeIgniter->runController(Object(App\Controllers\Dashboard))
#5 C:\xampp\htdocs\restapi\vendor\codeigniter4\framework\system\CodeIgniter.php(333): CodeIgniter\CodeIgniter->handleRequest(NULL, Object(Config\Cache), false)
#6 C:\xampp\htdocs\restapi\public\index.php(44): CodeIgniter\CodeIgniter->run()
#7 C:\xampp\htdocs\restapi\vendor\codeigniter4\framework\system\Commands\Server\rewrite.php(45): require_once('C:\\xampp\\htdocs...')
#8 {main}
ERROR - 2021-04-12 21:02:54 --> Error connecting to the database: No connection could be made because the target machine actively refused it.

CRITICAL - 2021-04-12 21:02:54 --> Unable to connect to the database.
#0 C:\xampp\htdocs\restapi\vendor\codeigniter4\framework\system\Database\BaseConnection.php(618): CodeIgniter\Database\BaseConnection->initialize()
#1 C:\xampp\htdocs\restapi\vendor\codeigniter4\framework\system\Database\BaseBuilder.php(1866): CodeIgniter\Database\BaseConnection->query('SELECT *\nFROM `...', Array, false)
#2 C:\xampp\htdocs\restapi\vendor\codeigniter4\framework\system\Model.php(213): CodeIgniter\Database\BaseBuilder->get()
#3 C:\xampp\htdocs\restapi\vendor\codeigniter4\framework\system\BaseModel.php(583): CodeIgniter\Model->doFindAll(0, 0)
#4 C:\xampp\htdocs\restapi\app\Controllers\Spotify.php(97): CodeIgniter\BaseModel->findAll()
#5 C:\xampp\htdocs\restapi\vendor\codeigniter4\framework\system\CodeIgniter.php(936): App\Controllers\Spotify->callback()
#6 C:\xampp\htdocs\restapi\vendor\codeigniter4\framework\system\CodeIgniter.php(432): CodeIgniter\CodeIgniter->runController(Object(App\Controllers\Spotify))
#7 C:\xampp\htdocs\restapi\vendor\codeigniter4\framework\system\CodeIgniter.php(333): CodeIgniter\CodeIgniter->handleRequest(NULL, Object(Config\Cache), false)
#8 C:\xampp\htdocs\restapi\public\index.php(44): CodeIgniter\CodeIgniter->run()
#9 C:\xampp\htdocs\restapi\vendor\codeigniter4\framework\system\Commands\Server\rewrite.php(45): require_once('C:\\xampp\\htdocs...')
#10 {main}
