CRITICAL - 2021-05-30 01:35:36 --> Array to string conversion
#0 C:\xampp\htdocs\smartweb\vendor\jwilsson\spotify-web-api-php\src\SpotifyWebAPI.php(1468): CodeIgniter\Debug\Exceptions->errorHandler(8, 'Array to string...', 'C:\\xampp\\htdocs...', 1468, Array)
#1 C:\xampp\htdocs\smartweb\app\Controllers\Search.php(134): SpotifyWebAPI\SpotifyWebAPI->getShowEpisodes(Array, Array)
#2 C:\xampp\htdocs\smartweb\vendor\codeigniter4\framework\system\CodeIgniter.php(936): App\Controllers\Search->get()
#3 C:\xampp\htdocs\smartweb\vendor\codeigniter4\framework\system\CodeIgniter.php(432): CodeIgniter\CodeIgniter->runController(Object(App\Controllers\Search))
#4 C:\xampp\htdocs\smartweb\vendor\codeigniter4\framework\system\CodeIgniter.php(333): CodeIgniter\CodeIgniter->handleRequest(NULL, Object(Config\Cache), false)
#5 C:\xampp\htdocs\smartweb\public\index.php(44): CodeIgniter\CodeIgniter->run()
#6 C:\xampp\htdocs\smartweb\vendor\codeigniter4\framework\system\Commands\Server\rewrite.php(45): require_once('C:\\xampp\\htdocs...')
#7 {main}
CRITICAL - 2021-05-30 01:35:36 --> Array to string conversion
#0 C:\xampp\htdocs\smartweb\vendor\jwilsson\spotify-web-api-php\src\SpotifyWebAPI.php(1468): CodeIgniter\Debug\Exceptions->errorHandler(8, 'Array to string...', 'C:\\xampp\\htdocs...', 1468, Array)
#1 C:\xampp\htdocs\smartweb\app\Controllers\Search.php(134): SpotifyWebAPI\SpotifyWebAPI->getShowEpisodes(Array, Array)
#2 C:\xampp\htdocs\smartweb\vendor\codeigniter4\framework\system\CodeIgniter.php(936): App\Controllers\Search->get()
#3 C:\xampp\htdocs\smartweb\vendor\codeigniter4\framework\system\CodeIgniter.php(432): CodeIgniter\CodeIgniter->runController(Object(App\Controllers\Search))
#4 C:\xampp\htdocs\smartweb\vendor\codeigniter4\framework\system\CodeIgniter.php(333): CodeIgniter\CodeIgniter->handleRequest(NULL, Object(Config\Cache), false)
#5 C:\xampp\htdocs\smartweb\public\index.php(44): CodeIgniter\CodeIgniter->run()
#6 C:\xampp\htdocs\smartweb\vendor\codeigniter4\framework\system\Commands\Server\rewrite.php(45): require_once('C:\\xampp\\htdocs...')
#7 {main}
CRITICAL - 2021-05-30 01:35:36 --> Array to string conversion
#0 C:\xampp\htdocs\smartweb\vendor\jwilsson\spotify-web-api-php\src\SpotifyWebAPI.php(1468): CodeIgniter\Debug\Exceptions->errorHandler(8, 'Array to string...', 'C:\\xampp\\htdocs...', 1468, Array)
#1 C:\xampp\htdocs\smartweb\app\Controllers\Search.php(134): SpotifyWebAPI\SpotifyWebAPI->getShowEpisodes(Array, Array)
#2 C:\xampp\htdocs\smartweb\vendor\codeigniter4\framework\system\CodeIgniter.php(936): App\Controllers\Search->get()
#3 C:\xampp\htdocs\smartweb\vendor\codeigniter4\framework\system\CodeIgniter.php(432): CodeIgniter\CodeIgniter->runController(Object(App\Controllers\Search))
#4 C:\xampp\htdocs\smartweb\vendor\codeigniter4\framework\system\CodeIgniter.php(333): CodeIgniter\CodeIgniter->handleRequest(NULL, Object(Config\Cache), false)
#5 C:\xampp\htdocs\smartweb\public\index.php(44): CodeIgniter\CodeIgniter->run()
#6 C:\xampp\htdocs\smartweb\vendor\codeigniter4\framework\system\Commands\Server\rewrite.php(45): require_once('C:\\xampp\\htdocs...')
#7 {main}
CRITICAL - 2021-05-30 01:35:42 --> Array to string conversion
#0 C:\xampp\htdocs\smartweb\vendor\jwilsson\spotify-web-api-php\src\SpotifyWebAPI.php(1468): CodeIgniter\Debug\Exceptions->errorHandler(8, 'Array to string...', 'C:\\xampp\\htdocs...', 1468, Array)
#1 C:\xampp\htdocs\smartweb\app\Controllers\Search.php(134): SpotifyWebAPI\SpotifyWebAPI->getShowEpisodes(Array, Array)
#2 C:\xampp\htdocs\smartweb\vendor\codeigniter4\framework\system\CodeIgniter.php(936): App\Controllers\Search->get()
#3 C:\xampp\htdocs\smartweb\vendor\codeigniter4\framework\system\CodeIgniter.php(432): CodeIgniter\CodeIgniter->runController(Object(App\Controllers\Search))
#4 C:\xampp\htdocs\smartweb\vendor\codeigniter4\framework\system\CodeIgniter.php(333): CodeIgniter\CodeIgniter->handleRequest(NULL, Object(Config\Cache), false)
#5 C:\xampp\htdocs\smartweb\public\index.php(44): CodeIgniter\CodeIgniter->run()
#6 C:\xampp\htdocs\smartweb\vendor\codeigniter4\framework\system\Commands\Server\rewrite.php(45): require_once('C:\\xampp\\htdocs...')
#7 {main}
CRITICAL - 2021-05-30 02:38:02 --> invalid id
#0 C:\xampp\htdocs\smartweb\vendor\jwilsson\spotify-web-api-php\src\Request.php(263): SpotifyWebAPI\Request->parseBody(Object(stdClass), 400)
#1 C:\xampp\htdocs\smartweb\vendor\jwilsson\spotify-web-api-php\src\Request.php(138): SpotifyWebAPI\Request->send('GET', 'https://api.spo...', '', Array)
#2 C:\xampp\htdocs\smartweb\vendor\jwilsson\spotify-web-api-php\src\SpotifyWebAPI.php(115): SpotifyWebAPI\Request->api('GET', '/v1/shows/publi...', Array, Array)
#3 C:\xampp\htdocs\smartweb\vendor\jwilsson\spotify-web-api-php\src\SpotifyWebAPI.php(1448): SpotifyWebAPI\SpotifyWebAPI->sendRequest('GET', '/v1/shows/publi...', Array)
#4 C:\xampp\htdocs\smartweb\app\Controllers\Search.php(77): SpotifyWebAPI\SpotifyWebAPI->getShow('public')
#5 C:\xampp\htdocs\smartweb\vendor\codeigniter4\framework\system\CodeIgniter.php(936): App\Controllers\Search->search('public', 'img', 'arts.png')
#6 C:\xampp\htdocs\smartweb\vendor\codeigniter4\framework\system\CodeIgniter.php(432): CodeIgniter\CodeIgniter->runController(Object(App\Controllers\Search))
#7 C:\xampp\htdocs\smartweb\vendor\codeigniter4\framework\system\CodeIgniter.php(333): CodeIgniter\CodeIgniter->handleRequest(NULL, Object(Config\Cache), false)
#8 C:\xampp\htdocs\smartweb\public\index.php(44): CodeIgniter\CodeIgniter->run()
#9 C:\xampp\htdocs\smartweb\vendor\codeigniter4\framework\system\Commands\Server\rewrite.php(45): require_once('C:\\xampp\\htdocs...')
#10 {main}
CRITICAL - 2021-05-30 03:15:41 --> Undefined variable: data_search
#0 C:\xampp\htdocs\smartweb\app\Views\search\episode.php(10): CodeIgniter\Debug\Exceptions->errorHandler(8, 'Undefined varia...', 'C:\\xampp\\htdocs...', 10, Array)
#1 C:\xampp\htdocs\smartweb\vendor\codeigniter4\framework\system\View\View.php(220): include('C:\\xampp\\htdocs...')
#2 C:\xampp\htdocs\smartweb\vendor\codeigniter4\framework\system\View\View.php(222): CodeIgniter\View\View->CodeIgniter\View\{closure}()
#3 C:\xampp\htdocs\smartweb\vendor\codeigniter4\framework\system\Common.php(1217): CodeIgniter\View\View->render('search/episode', Array, true)
#4 C:\xampp\htdocs\smartweb\app\Controllers\Dashboard.php(36): view('search/episode', Array)
#5 C:\xampp\htdocs\smartweb\vendor\codeigniter4\framework\system\CodeIgniter.php(936): App\Controllers\Dashboard->episode()
#6 C:\xampp\htdocs\smartweb\vendor\codeigniter4\framework\system\CodeIgniter.php(432): CodeIgniter\CodeIgniter->runController(Object(App\Controllers\Dashboard))
#7 C:\xampp\htdocs\smartweb\vendor\codeigniter4\framework\system\CodeIgniter.php(333): CodeIgniter\CodeIgniter->handleRequest(NULL, Object(Config\Cache), false)
#8 C:\xampp\htdocs\smartweb\public\index.php(44): CodeIgniter\CodeIgniter->run()
#9 C:\xampp\htdocs\smartweb\vendor\codeigniter4\framework\system\Commands\Server\rewrite.php(45): require_once('C:\\xampp\\htdocs...')
#10 {main}
