ERROR - 2021-04-19 20:41:39 --> Error connecting to the database: No connection could be made because the target machine actively refused it.

CRITICAL - 2021-04-19 20:41:39 --> Unable to connect to the database.
#0 C:\Users\ASUS\Desktop\smartweb\vendor\codeigniter4\framework\system\Database\BaseConnection.php(618): CodeIgniter\Database\BaseConnection->initialize()
#1 C:\Users\ASUS\Desktop\smartweb\vendor\codeigniter4\framework\system\Database\BaseBuilder.php(1866): CodeIgniter\Database\BaseConnection->query('SELECT *\nFROM `...', Array, false)
#2 C:\Users\ASUS\Desktop\smartweb\vendor\codeigniter4\framework\system\Model.php(213): CodeIgniter\Database\BaseBuilder->get()
#3 C:\Users\ASUS\Desktop\smartweb\vendor\codeigniter4\framework\system\BaseModel.php(583): CodeIgniter\Model->doFindAll(0, 0)
#4 C:\Users\ASUS\Desktop\smartweb\app\Controllers\Spotify.php(97): CodeIgniter\BaseModel->findAll()
#5 C:\Users\ASUS\Desktop\smartweb\vendor\codeigniter4\framework\system\CodeIgniter.php(936): App\Controllers\Spotify->callback()
#6 C:\Users\ASUS\Desktop\smartweb\vendor\codeigniter4\framework\system\CodeIgniter.php(432): CodeIgniter\CodeIgniter->runController(Object(App\Controllers\Spotify))
#7 C:\Users\ASUS\Desktop\smartweb\vendor\codeigniter4\framework\system\CodeIgniter.php(333): CodeIgniter\CodeIgniter->handleRequest(NULL, Object(Config\Cache), false)
#8 C:\Users\ASUS\Desktop\smartweb\public\index.php(44): CodeIgniter\CodeIgniter->run()
#9 C:\Users\ASUS\Desktop\smartweb\vendor\codeigniter4\framework\system\Commands\Server\rewrite.php(45): require_once('C:\\Users\\ASUS\\D...')
#10 {main}
CRITICAL - 2021-04-19 20:41:54 --> Invalid authorization code
#0 C:\Users\ASUS\Desktop\smartweb\vendor\jwilsson\spotify-web-api-php\src\Request.php(263): SpotifyWebAPI\Request->parseBody(Object(stdClass), 400)
#1 C:\Users\ASUS\Desktop\smartweb\vendor\jwilsson\spotify-web-api-php\src\Request.php(116): SpotifyWebAPI\Request->send('POST', 'https://account...', 'client_id=d1abe...', Array)
#2 C:\Users\ASUS\Desktop\smartweb\vendor\jwilsson\spotify-web-api-php\src\Session.php(248): SpotifyWebAPI\Request->account('POST', '/api/token', Array, Array)
#3 C:\Users\ASUS\Desktop\smartweb\app\Controllers\Spotify.php(86): SpotifyWebAPI\Session->requestAccessToken('AQCyz9nIFrWrRFW...')
#4 C:\Users\ASUS\Desktop\smartweb\vendor\codeigniter4\framework\system\CodeIgniter.php(936): App\Controllers\Spotify->callback()
#5 C:\Users\ASUS\Desktop\smartweb\vendor\codeigniter4\framework\system\CodeIgniter.php(432): CodeIgniter\CodeIgniter->runController(Object(App\Controllers\Spotify))
#6 C:\Users\ASUS\Desktop\smartweb\vendor\codeigniter4\framework\system\CodeIgniter.php(333): CodeIgniter\CodeIgniter->handleRequest(NULL, Object(Config\Cache), false)
#7 C:\Users\ASUS\Desktop\smartweb\public\index.php(44): CodeIgniter\CodeIgniter->run()
#8 C:\Users\ASUS\Desktop\smartweb\vendor\codeigniter4\framework\system\Commands\Server\rewrite.php(45): require_once('C:\\Users\\ASUS\\D...')
#9 {main}
CRITICAL - 2021-04-19 20:42:00 --> Invalid authorization code
#0 C:\Users\ASUS\Desktop\smartweb\vendor\jwilsson\spotify-web-api-php\src\Request.php(263): SpotifyWebAPI\Request->parseBody(Object(stdClass), 400)
#1 C:\Users\ASUS\Desktop\smartweb\vendor\jwilsson\spotify-web-api-php\src\Request.php(116): SpotifyWebAPI\Request->send('POST', 'https://account...', 'client_id=d1abe...', Array)
#2 C:\Users\ASUS\Desktop\smartweb\vendor\jwilsson\spotify-web-api-php\src\Session.php(248): SpotifyWebAPI\Request->account('POST', '/api/token', Array, Array)
#3 C:\Users\ASUS\Desktop\smartweb\app\Controllers\Spotify.php(86): SpotifyWebAPI\Session->requestAccessToken('AQCyz9nIFrWrRFW...')
#4 C:\Users\ASUS\Desktop\smartweb\vendor\codeigniter4\framework\system\CodeIgniter.php(936): App\Controllers\Spotify->callback()
#5 C:\Users\ASUS\Desktop\smartweb\vendor\codeigniter4\framework\system\CodeIgniter.php(432): CodeIgniter\CodeIgniter->runController(Object(App\Controllers\Spotify))
#6 C:\Users\ASUS\Desktop\smartweb\vendor\codeigniter4\framework\system\CodeIgniter.php(333): CodeIgniter\CodeIgniter->handleRequest(NULL, Object(Config\Cache), false)
#7 C:\Users\ASUS\Desktop\smartweb\public\index.php(44): CodeIgniter\CodeIgniter->run()
#8 C:\Users\ASUS\Desktop\smartweb\vendor\codeigniter4\framework\system\Commands\Server\rewrite.php(45): require_once('C:\\Users\\ASUS\\D...')
#9 {main}
