CRITICAL - 2021-04-11 02:24:19 --> syntax error, unexpected '$session' (T_VARIABLE)
#0 C:\xampp\htdocs\restapi\vendor\codeigniter4\framework\system\Router\Router.php(170): CodeIgniter\Router\Router->autoRoute('spotify')
#1 C:\xampp\htdocs\restapi\vendor\codeigniter4\framework\system\CodeIgniter.php(816): CodeIgniter\Router\Router->handle('spotify')
#2 C:\xampp\htdocs\restapi\vendor\codeigniter4\framework\system\CodeIgniter.php(385): CodeIgniter\CodeIgniter->tryToRouteIt(Object(CodeIgniter\Router\RouteCollection))
#3 C:\xampp\htdocs\restapi\vendor\codeigniter4\framework\system\CodeIgniter.php(333): CodeIgniter\CodeIgniter->handleRequest(NULL, Object(Config\Cache), false)
#4 C:\xampp\htdocs\restapi\public\index.php(44): CodeIgniter\CodeIgniter->run()
#5 C:\xampp\htdocs\restapi\vendor\codeigniter4\framework\system\Commands\Server\rewrite.php(45): require_once('C:\\xampp\\htdocs...')
#6 {main}
CRITICAL - 2021-04-11 03:25:59 --> CodeIgniter\Router\Router::main(): Failed opening required 'vendor/autoload.php' (include_path='C:\xampp\php\PEAR')
#0 [internal function]: CodeIgniter\Debug\Exceptions->shutdownHandler()
#1 {main}
CRITICAL - 2021-04-11 04:22:33 --> Undefined property: SpotifyWebAPI\Session::$getAuthorizeUrl
#0 C:\xampp\htdocs\restapi\app\Controllers\Spotify.php(33): CodeIgniter\Debug\Exceptions->errorHandler(8, 'Undefined prope...', 'C:\\xampp\\htdocs...', 33, Array)
#1 C:\xampp\htdocs\restapi\vendor\codeigniter4\framework\system\CodeIgniter.php(936): App\Controllers\Spotify->index()
#2 C:\xampp\htdocs\restapi\vendor\codeigniter4\framework\system\CodeIgniter.php(432): CodeIgniter\CodeIgniter->runController(Object(App\Controllers\Spotify))
#3 C:\xampp\htdocs\restapi\vendor\codeigniter4\framework\system\CodeIgniter.php(333): CodeIgniter\CodeIgniter->handleRequest(NULL, Object(Config\Cache), false)
#4 C:\xampp\htdocs\restapi\public\index.php(44): CodeIgniter\CodeIgniter->run()
#5 C:\xampp\htdocs\restapi\vendor\codeigniter4\framework\system\Commands\Server\rewrite.php(45): require_once('C:\\xampp\\htdocs...')
#6 {main}
CRITICAL - 2021-04-11 04:23:10 -->  route cannot be found while reverse-routing.
#0 C:\xampp\htdocs\restapi\vendor\codeigniter4\framework\system\HTTP\RedirectResponse.php(63): CodeIgniter\HTTP\Exceptions\HTTPException::forInvalidRedirectRoute('')
#1 C:\xampp\htdocs\restapi\vendor\codeigniter4\framework\system\Common.php(918): CodeIgniter\HTTP\RedirectResponse->route(false)
#2 C:\xampp\htdocs\restapi\app\Controllers\Spotify.php(33): redirect('/$session->getA...')
#3 C:\xampp\htdocs\restapi\vendor\codeigniter4\framework\system\CodeIgniter.php(936): App\Controllers\Spotify->index()
#4 C:\xampp\htdocs\restapi\vendor\codeigniter4\framework\system\CodeIgniter.php(432): CodeIgniter\CodeIgniter->runController(Object(App\Controllers\Spotify))
#5 C:\xampp\htdocs\restapi\vendor\codeigniter4\framework\system\CodeIgniter.php(333): CodeIgniter\CodeIgniter->handleRequest(NULL, Object(Config\Cache), false)
#6 C:\xampp\htdocs\restapi\public\index.php(44): CodeIgniter\CodeIgniter->run()
#7 C:\xampp\htdocs\restapi\vendor\codeigniter4\framework\system\Commands\Server\rewrite.php(45): require_once('C:\\xampp\\htdocs...')
#8 {main}
CRITICAL - 2021-04-11 04:23:45 -->  route cannot be found while reverse-routing.
#0 C:\xampp\htdocs\restapi\vendor\codeigniter4\framework\system\HTTP\RedirectResponse.php(63): CodeIgniter\HTTP\Exceptions\HTTPException::forInvalidRedirectRoute('')
#1 C:\xampp\htdocs\restapi\vendor\codeigniter4\framework\system\Common.php(918): CodeIgniter\HTTP\RedirectResponse->route(false)
#2 C:\xampp\htdocs\restapi\app\Controllers\Spotify.php(33): redirect('/spotify/aksesT...')
#3 C:\xampp\htdocs\restapi\vendor\codeigniter4\framework\system\CodeIgniter.php(936): App\Controllers\Spotify->index()
#4 C:\xampp\htdocs\restapi\vendor\codeigniter4\framework\system\CodeIgniter.php(432): CodeIgniter\CodeIgniter->runController(Object(App\Controllers\Spotify))
#5 C:\xampp\htdocs\restapi\vendor\codeigniter4\framework\system\CodeIgniter.php(333): CodeIgniter\CodeIgniter->handleRequest(NULL, Object(Config\Cache), false)
#6 C:\xampp\htdocs\restapi\public\index.php(44): CodeIgniter\CodeIgniter->run()
#7 C:\xampp\htdocs\restapi\vendor\codeigniter4\framework\system\Commands\Server\rewrite.php(45): require_once('C:\\xampp\\htdocs...')
#8 {main}
CRITICAL - 2021-04-11 04:24:07 -->  route cannot be found while reverse-routing.
#0 C:\xampp\htdocs\restapi\vendor\codeigniter4\framework\system\HTTP\RedirectResponse.php(63): CodeIgniter\HTTP\Exceptions\HTTPException::forInvalidRedirectRoute('')
#1 C:\xampp\htdocs\restapi\vendor\codeigniter4\framework\system\Common.php(918): CodeIgniter\HTTP\RedirectResponse->route(false)
#2 C:\xampp\htdocs\restapi\app\Controllers\Spotify.php(33): redirect('$session->getAu...')
#3 C:\xampp\htdocs\restapi\vendor\codeigniter4\framework\system\CodeIgniter.php(936): App\Controllers\Spotify->index()
#4 C:\xampp\htdocs\restapi\vendor\codeigniter4\framework\system\CodeIgniter.php(432): CodeIgniter\CodeIgniter->runController(Object(App\Controllers\Spotify))
#5 C:\xampp\htdocs\restapi\vendor\codeigniter4\framework\system\CodeIgniter.php(333): CodeIgniter\CodeIgniter->handleRequest(NULL, Object(Config\Cache), false)
#6 C:\xampp\htdocs\restapi\public\index.php(44): CodeIgniter\CodeIgniter->run()
#7 C:\xampp\htdocs\restapi\vendor\codeigniter4\framework\system\Commands\Server\rewrite.php(45): require_once('C:\\xampp\\htdocs...')
#8 {main}
CRITICAL - 2021-04-11 04:24:17 -->  route cannot be found while reverse-routing.
#0 C:\xampp\htdocs\restapi\vendor\codeigniter4\framework\system\HTTP\RedirectResponse.php(63): CodeIgniter\HTTP\Exceptions\HTTPException::forInvalidRedirectRoute('')
#1 C:\xampp\htdocs\restapi\vendor\codeigniter4\framework\system\Common.php(918): CodeIgniter\HTTP\RedirectResponse->route(false)
#2 C:\xampp\htdocs\restapi\app\Controllers\Spotify.php(33): redirect('https://account...')
#3 C:\xampp\htdocs\restapi\vendor\codeigniter4\framework\system\CodeIgniter.php(936): App\Controllers\Spotify->index()
#4 C:\xampp\htdocs\restapi\vendor\codeigniter4\framework\system\CodeIgniter.php(432): CodeIgniter\CodeIgniter->runController(Object(App\Controllers\Spotify))
#5 C:\xampp\htdocs\restapi\vendor\codeigniter4\framework\system\CodeIgniter.php(333): CodeIgniter\CodeIgniter->handleRequest(NULL, Object(Config\Cache), false)
#6 C:\xampp\htdocs\restapi\public\index.php(44): CodeIgniter\CodeIgniter->run()
#7 C:\xampp\htdocs\restapi\vendor\codeigniter4\framework\system\Commands\Server\rewrite.php(45): require_once('C:\\xampp\\htdocs...')
#8 {main}
CRITICAL - 2021-04-11 04:28:32 -->  route cannot be found while reverse-routing.
#0 C:\xampp\htdocs\restapi\vendor\codeigniter4\framework\system\HTTP\RedirectResponse.php(63): CodeIgniter\HTTP\Exceptions\HTTPException::forInvalidRedirectRoute('')
#1 C:\xampp\htdocs\restapi\vendor\codeigniter4\framework\system\Common.php(918): CodeIgniter\HTTP\RedirectResponse->route(false)
#2 C:\xampp\htdocs\restapi\app\Controllers\Spotify.php(33): redirect('https://account...')
#3 C:\xampp\htdocs\restapi\vendor\codeigniter4\framework\system\CodeIgniter.php(936): App\Controllers\Spotify->index()
#4 C:\xampp\htdocs\restapi\vendor\codeigniter4\framework\system\CodeIgniter.php(432): CodeIgniter\CodeIgniter->runController(Object(App\Controllers\Spotify))
#5 C:\xampp\htdocs\restapi\vendor\codeigniter4\framework\system\CodeIgniter.php(333): CodeIgniter\CodeIgniter->handleRequest(NULL, Object(Config\Cache), false)
#6 C:\xampp\htdocs\restapi\public\index.php(44): CodeIgniter\CodeIgniter->run()
#7 C:\xampp\htdocs\restapi\vendor\codeigniter4\framework\system\Commands\Server\rewrite.php(45): require_once('C:\\xampp\\htdocs...')
#8 {main}
CRITICAL - 2021-04-11 04:42:41 --> Undefined property: CodeIgniter\HTTP\URI::$getAuthorizeUrl
#0 C:\xampp\htdocs\restapi\app\Controllers\Spotify.php(39): CodeIgniter\Debug\Exceptions->errorHandler(8, 'Undefined prope...', 'C:\\xampp\\htdocs...', 39, Array)
#1 C:\xampp\htdocs\restapi\app\Controllers\Spotify.php(33): App\Controllers\Spotify->aksesToken('https://account...')
#2 C:\xampp\htdocs\restapi\vendor\codeigniter4\framework\system\CodeIgniter.php(936): App\Controllers\Spotify->index()
#3 C:\xampp\htdocs\restapi\vendor\codeigniter4\framework\system\CodeIgniter.php(432): CodeIgniter\CodeIgniter->runController(Object(App\Controllers\Spotify))
#4 C:\xampp\htdocs\restapi\vendor\codeigniter4\framework\system\CodeIgniter.php(333): CodeIgniter\CodeIgniter->handleRequest(NULL, Object(Config\Cache), false)
#5 C:\xampp\htdocs\restapi\public\index.php(44): CodeIgniter\CodeIgniter->run()
#6 C:\xampp\htdocs\restapi\vendor\codeigniter4\framework\system\Commands\Server\rewrite.php(45): require_once('C:\\xampp\\htdocs...')
#7 {main}
CRITICAL - 2021-04-11 04:50:50 --> Undefined index: code
#0 C:\xampp\htdocs\restapi\app\Controllers\Spotify.php(36): CodeIgniter\Debug\Exceptions->errorHandler(8, 'Undefined index...', 'C:\\xampp\\htdocs...', 36, Array)
#1 C:\xampp\htdocs\restapi\vendor\codeigniter4\framework\system\CodeIgniter.php(936): App\Controllers\Spotify->index()
#2 C:\xampp\htdocs\restapi\vendor\codeigniter4\framework\system\CodeIgniter.php(432): CodeIgniter\CodeIgniter->runController(Object(App\Controllers\Spotify))
#3 C:\xampp\htdocs\restapi\vendor\codeigniter4\framework\system\CodeIgniter.php(333): CodeIgniter\CodeIgniter->handleRequest(NULL, Object(Config\Cache), false)
#4 C:\xampp\htdocs\restapi\public\index.php(44): CodeIgniter\CodeIgniter->run()
#5 C:\xampp\htdocs\restapi\vendor\codeigniter4\framework\system\Commands\Server\rewrite.php(45): require_once('C:\\xampp\\htdocs...')
#6 {main}
CRITICAL - 2021-04-11 04:53:50 --> Undefined index: code
#0 C:\xampp\htdocs\restapi\app\Controllers\Spotify.php(36): CodeIgniter\Debug\Exceptions->errorHandler(8, 'Undefined index...', 'C:\\xampp\\htdocs...', 36, Array)
#1 C:\xampp\htdocs\restapi\vendor\codeigniter4\framework\system\CodeIgniter.php(936): App\Controllers\Spotify->index()
#2 C:\xampp\htdocs\restapi\vendor\codeigniter4\framework\system\CodeIgniter.php(432): CodeIgniter\CodeIgniter->runController(Object(App\Controllers\Spotify))
#3 C:\xampp\htdocs\restapi\vendor\codeigniter4\framework\system\CodeIgniter.php(333): CodeIgniter\CodeIgniter->handleRequest(NULL, Object(Config\Cache), false)
#4 C:\xampp\htdocs\restapi\public\index.php(44): CodeIgniter\CodeIgniter->run()
#5 C:\xampp\htdocs\restapi\vendor\codeigniter4\framework\system\Commands\Server\rewrite.php(45): require_once('C:\\xampp\\htdocs...')
#6 {main}
CRITICAL - 2021-04-11 05:26:22 --> Argument 1 passed to CodeIgniter\HTTP\RedirectResponse::to() must be of the type string, object given, called in C:\xampp\htdocs\restapi\app\Controllers\Spotify.php on line 42
#0 C:\xampp\htdocs\restapi\app\Controllers\Spotify.php(42): CodeIgniter\HTTP\RedirectResponse->to(Object(CodeIgniter\HTTP\RedirectResponse))
#1 C:\xampp\htdocs\restapi\app\Controllers\Spotify.php(38): App\Controllers\Spotify->aksesToken(Object(CodeIgniter\HTTP\RedirectResponse))
#2 C:\xampp\htdocs\restapi\vendor\codeigniter4\framework\system\CodeIgniter.php(936): App\Controllers\Spotify->index()
#3 C:\xampp\htdocs\restapi\vendor\codeigniter4\framework\system\CodeIgniter.php(432): CodeIgniter\CodeIgniter->runController(Object(App\Controllers\Spotify))
#4 C:\xampp\htdocs\restapi\vendor\codeigniter4\framework\system\CodeIgniter.php(333): CodeIgniter\CodeIgniter->handleRequest(NULL, Object(Config\Cache), false)
#5 C:\xampp\htdocs\restapi\public\index.php(44): CodeIgniter\CodeIgniter->run()
#6 C:\xampp\htdocs\restapi\vendor\codeigniter4\framework\system\Commands\Server\rewrite.php(45): require_once('C:\\xampp\\htdocs...')
#7 {main}
CRITICAL - 2021-04-11 05:32:05 --> syntax error, unexpected 'echo' (T_ECHO), expecting ';'
#0 C:\xampp\htdocs\restapi\vendor\codeigniter4\framework\system\Router\Router.php(170): CodeIgniter\Router\Router->autoRoute('spotify')
#1 C:\xampp\htdocs\restapi\vendor\codeigniter4\framework\system\CodeIgniter.php(816): CodeIgniter\Router\Router->handle('spotify')
#2 C:\xampp\htdocs\restapi\vendor\codeigniter4\framework\system\CodeIgniter.php(385): CodeIgniter\CodeIgniter->tryToRouteIt(Object(CodeIgniter\Router\RouteCollection))
#3 C:\xampp\htdocs\restapi\vendor\codeigniter4\framework\system\CodeIgniter.php(333): CodeIgniter\CodeIgniter->handleRequest(NULL, Object(Config\Cache), false)
#4 C:\xampp\htdocs\restapi\public\index.php(44): CodeIgniter\CodeIgniter->run()
#5 C:\xampp\htdocs\restapi\vendor\codeigniter4\framework\system\Commands\Server\rewrite.php(45): require_once('C:\\xampp\\htdocs...')
#6 {main}
CRITICAL - 2021-04-11 05:36:50 --> Object of class CodeIgniter\HTTP\RedirectResponse could not be converted to string
#0 C:\xampp\htdocs\restapi\app\Controllers\Spotify.php(39): CodeIgniter\Debug\Exceptions->errorHandler(4096, 'Object of class...', 'C:\\xampp\\htdocs...', 39, Array)
#1 C:\xampp\htdocs\restapi\vendor\codeigniter4\framework\system\CodeIgniter.php(936): App\Controllers\Spotify->index()
#2 C:\xampp\htdocs\restapi\vendor\codeigniter4\framework\system\CodeIgniter.php(432): CodeIgniter\CodeIgniter->runController(Object(App\Controllers\Spotify))
#3 C:\xampp\htdocs\restapi\vendor\codeigniter4\framework\system\CodeIgniter.php(333): CodeIgniter\CodeIgniter->handleRequest(NULL, Object(Config\Cache), false)
#4 C:\xampp\htdocs\restapi\public\index.php(44): CodeIgniter\CodeIgniter->run()
#5 C:\xampp\htdocs\restapi\vendor\codeigniter4\framework\system\Commands\Server\rewrite.php(45): require_once('C:\\xampp\\htdocs...')
#6 {main}
CRITICAL - 2021-04-11 05:36:50 --> Object of class CodeIgniter\HTTP\RedirectResponse could not be converted to string
#0 C:\xampp\htdocs\restapi\app\Controllers\Spotify.php(39): CodeIgniter\Debug\Exceptions->errorHandler(4096, 'Object of class...', 'C:\\xampp\\htdocs...', 39, Array)
#1 C:\xampp\htdocs\restapi\vendor\codeigniter4\framework\system\CodeIgniter.php(936): App\Controllers\Spotify->index()
#2 C:\xampp\htdocs\restapi\vendor\codeigniter4\framework\system\CodeIgniter.php(432): CodeIgniter\CodeIgniter->runController(Object(App\Controllers\Spotify))
#3 C:\xampp\htdocs\restapi\vendor\codeigniter4\framework\system\CodeIgniter.php(333): CodeIgniter\CodeIgniter->handleRequest(NULL, Object(Config\Cache), false)
#4 C:\xampp\htdocs\restapi\public\index.php(44): CodeIgniter\CodeIgniter->run()
#5 C:\xampp\htdocs\restapi\vendor\codeigniter4\framework\system\Commands\Server\rewrite.php(45): require_once('C:\\xampp\\htdocs...')
#6 {main}
CRITICAL - 2021-04-11 07:16:46 --> Undefined variable: storedState
#0 C:\xampp\htdocs\restapi\app\Controllers\Spotify.php(51): CodeIgniter\Debug\Exceptions->errorHandler(8, 'Undefined varia...', 'C:\\xampp\\htdocs...', 51, Array)
#1 C:\xampp\htdocs\restapi\vendor\codeigniter4\framework\system\CodeIgniter.php(936): App\Controllers\Spotify->callback()
#2 C:\xampp\htdocs\restapi\vendor\codeigniter4\framework\system\CodeIgniter.php(432): CodeIgniter\CodeIgniter->runController(Object(App\Controllers\Spotify))
#3 C:\xampp\htdocs\restapi\vendor\codeigniter4\framework\system\CodeIgniter.php(333): CodeIgniter\CodeIgniter->handleRequest(NULL, Object(Config\Cache), false)
#4 C:\xampp\htdocs\restapi\public\index.php(44): CodeIgniter\CodeIgniter->run()
#5 C:\xampp\htdocs\restapi\vendor\codeigniter4\framework\system\Commands\Server\rewrite.php(45): require_once('C:\\xampp\\htdocs...')
#6 {main}
CRITICAL - 2021-04-11 08:38:11 --> syntax error, unexpected '}'
#0 C:\xampp\htdocs\restapi\vendor\codeigniter4\framework\system\Router\Router.php(170): CodeIgniter\Router\Router->autoRoute('spotify')
#1 C:\xampp\htdocs\restapi\vendor\codeigniter4\framework\system\CodeIgniter.php(816): CodeIgniter\Router\Router->handle('spotify')
#2 C:\xampp\htdocs\restapi\vendor\codeigniter4\framework\system\CodeIgniter.php(385): CodeIgniter\CodeIgniter->tryToRouteIt(Object(CodeIgniter\Router\RouteCollection))
#3 C:\xampp\htdocs\restapi\vendor\codeigniter4\framework\system\CodeIgniter.php(333): CodeIgniter\CodeIgniter->handleRequest(NULL, Object(Config\Cache), false)
#4 C:\xampp\htdocs\restapi\public\index.php(44): CodeIgniter\CodeIgniter->run()
#5 C:\xampp\htdocs\restapi\vendor\codeigniter4\framework\system\Commands\Server\rewrite.php(45): require_once('C:\\xampp\\htdocs...')
#6 {main}
CRITICAL - 2021-04-11 08:39:29 --> Constant expression contains invalid operations
#0 [internal function]: CodeIgniter\Debug\Exceptions->shutdownHandler()
#1 {main}
CRITICAL - 2021-04-11 08:41:41 --> Constant expression contains invalid operations
#0 [internal function]: CodeIgniter\Debug\Exceptions->shutdownHandler()
#1 {main}
CRITICAL - 2021-04-11 08:48:40 --> Undefined property: App\Controllers\Spotify::$model
#0 C:\xampp\htdocs\restapi\app\Controllers\Spotify.php(78): CodeIgniter\Debug\Exceptions->errorHandler(8, 'Undefined prope...', 'C:\\xampp\\htdocs...', 78, Array)
#1 C:\xampp\htdocs\restapi\vendor\codeigniter4\framework\system\CodeIgniter.php(936): App\Controllers\Spotify->callback()
#2 C:\xampp\htdocs\restapi\vendor\codeigniter4\framework\system\CodeIgniter.php(432): CodeIgniter\CodeIgniter->runController(Object(App\Controllers\Spotify))
#3 C:\xampp\htdocs\restapi\vendor\codeigniter4\framework\system\CodeIgniter.php(333): CodeIgniter\CodeIgniter->handleRequest(NULL, Object(Config\Cache), false)
#4 C:\xampp\htdocs\restapi\public\index.php(44): CodeIgniter\CodeIgniter->run()
#5 C:\xampp\htdocs\restapi\vendor\codeigniter4\framework\system\Commands\Server\rewrite.php(45): require_once('C:\\xampp\\htdocs...')
#6 {main}
CRITICAL - 2021-04-11 08:56:45 --> Constant expression contains invalid operations
#0 [internal function]: CodeIgniter\Debug\Exceptions->shutdownHandler()
#1 {main}
CRITICAL - 2021-04-11 08:59:57 --> Undefined property: App\Controllers\Spotify::$userModel
#0 C:\xampp\htdocs\restapi\app\Controllers\Spotify.php(77): CodeIgniter\Debug\Exceptions->errorHandler(8, 'Undefined prope...', 'C:\\xampp\\htdocs...', 77, Array)
#1 C:\xampp\htdocs\restapi\vendor\codeigniter4\framework\system\CodeIgniter.php(936): App\Controllers\Spotify->callback()
#2 C:\xampp\htdocs\restapi\vendor\codeigniter4\framework\system\CodeIgniter.php(432): CodeIgniter\CodeIgniter->runController(Object(App\Controllers\Spotify))
#3 C:\xampp\htdocs\restapi\vendor\codeigniter4\framework\system\CodeIgniter.php(333): CodeIgniter\CodeIgniter->handleRequest(NULL, Object(Config\Cache), false)
#4 C:\xampp\htdocs\restapi\public\index.php(44): CodeIgniter\CodeIgniter->run()
#5 C:\xampp\htdocs\restapi\vendor\codeigniter4\framework\system\Commands\Server\rewrite.php(45): require_once('C:\\xampp\\htdocs...')
#6 {main}
CRITICAL - 2021-04-11 09:03:20 --> Constant expression contains invalid operations
#0 [internal function]: CodeIgniter\Debug\Exceptions->shutdownHandler()
#1 {main}
CRITICAL - 2021-04-11 09:04:42 --> Constant expression contains invalid operations
#0 [internal function]: CodeIgniter\Debug\Exceptions->shutdownHandler()
#1 {main}
CRITICAL - 2021-04-11 09:06:17 --> Constant expression contains invalid operations
#0 [internal function]: CodeIgniter\Debug\Exceptions->shutdownHandler()
#1 {main}
CRITICAL - 2021-04-11 09:13:43 --> Constant expression contains invalid operations
#0 [internal function]: CodeIgniter\Debug\Exceptions->shutdownHandler()
#1 {main}
ERROR - 2021-04-11 09:19:03 --> mysqli_sql_exception: Duplicate entry 'Rizky Widiputro' for key 'name' in C:\xampp\htdocs\restapi\vendor\codeigniter4\framework\system\Database\MySQLi\Connection.php:314
Stack trace:
#0 C:\xampp\htdocs\restapi\vendor\codeigniter4\framework\system\Database\MySQLi\Connection.php(314): mysqli->query('INSERT INTO `us...')
#1 C:\xampp\htdocs\restapi\vendor\codeigniter4\framework\system\Database\BaseConnection.php(713): CodeIgniter\Database\MySQLi\Connection->execute('INSERT INTO `us...')
#2 C:\xampp\htdocs\restapi\vendor\codeigniter4\framework\system\Database\BaseConnection.php(641): CodeIgniter\Database\BaseConnection->simpleQuery('INSERT INTO `us...')
#3 C:\xampp\htdocs\restapi\vendor\codeigniter4\framework\system\Database\BaseBuilder.php(2263): CodeIgniter\Database\BaseConnection->query('INSERT INTO `us...', Array, false)
#4 C:\xampp\htdocs\restapi\vendor\codeigniter4\framework\system\Model.php(278): CodeIgniter\Database\BaseBuilder->insert()
#5 C:\xampp\htdocs\restapi\vendor\codeigniter4\framework\system\BaseModel.php(758): CodeIgniter\Model->doInsert(Array)
#6 C:\xampp\htdocs\restapi\vendor\codeigniter4\framework\system\Model.php(705): CodeIgniter\BaseModel->insert(Array, false)
#7 C:\xampp\htdocs\restapi\vendor\codeigniter4\framework\system\BaseModel.php(667): CodeIgniter\Model->insert(Array, false)
#8 C:\xampp\htdocs\restapi\app\Controllers\Spotify.php(84): CodeIgniter\BaseModel->save(Array)
#9 C:\xampp\htdocs\restapi\vendor\codeigniter4\framework\system\CodeIgniter.php(936): App\Controllers\Spotify->callback()
#10 C:\xampp\htdocs\restapi\vendor\codeigniter4\framework\system\CodeIgniter.php(432): CodeIgniter\CodeIgniter->runController(Object(App\Controllers\Spotify))
#11 C:\xampp\htdocs\restapi\vendor\codeigniter4\framework\system\CodeIgniter.php(333): CodeIgniter\CodeIgniter->handleRequest(NULL, Object(Config\Cache), false)
#12 C:\xampp\htdocs\restapi\public\index.php(44): CodeIgniter\CodeIgniter->run()
#13 C:\xampp\htdocs\restapi\vendor\codeigniter4\framework\system\Commands\Server\rewrite.php(45): require_once('C:\\xampp\\htdocs...')
#14 {main}
CRITICAL - 2021-04-11 09:19:03 --> Duplicate entry 'Rizky Widiputro' for key 'name'
#0 C:\xampp\htdocs\restapi\vendor\codeigniter4\framework\system\Database\MySQLi\Connection.php(314): mysqli->query('INSERT INTO `us...')
#1 C:\xampp\htdocs\restapi\vendor\codeigniter4\framework\system\Database\BaseConnection.php(713): CodeIgniter\Database\MySQLi\Connection->execute('INSERT INTO `us...')
#2 C:\xampp\htdocs\restapi\vendor\codeigniter4\framework\system\Database\BaseConnection.php(641): CodeIgniter\Database\BaseConnection->simpleQuery('INSERT INTO `us...')
#3 C:\xampp\htdocs\restapi\vendor\codeigniter4\framework\system\Database\BaseBuilder.php(2263): CodeIgniter\Database\BaseConnection->query('INSERT INTO `us...', Array, false)
#4 C:\xampp\htdocs\restapi\vendor\codeigniter4\framework\system\Model.php(278): CodeIgniter\Database\BaseBuilder->insert()
#5 C:\xampp\htdocs\restapi\vendor\codeigniter4\framework\system\BaseModel.php(758): CodeIgniter\Model->doInsert(Array)
#6 C:\xampp\htdocs\restapi\vendor\codeigniter4\framework\system\Model.php(705): CodeIgniter\BaseModel->insert(Array, false)
#7 C:\xampp\htdocs\restapi\vendor\codeigniter4\framework\system\BaseModel.php(667): CodeIgniter\Model->insert(Array, false)
#8 C:\xampp\htdocs\restapi\app\Controllers\Spotify.php(84): CodeIgniter\BaseModel->save(Array)
#9 C:\xampp\htdocs\restapi\vendor\codeigniter4\framework\system\CodeIgniter.php(936): App\Controllers\Spotify->callback()
#10 C:\xampp\htdocs\restapi\vendor\codeigniter4\framework\system\CodeIgniter.php(432): CodeIgniter\CodeIgniter->runController(Object(App\Controllers\Spotify))
#11 C:\xampp\htdocs\restapi\vendor\codeigniter4\framework\system\CodeIgniter.php(333): CodeIgniter\CodeIgniter->handleRequest(NULL, Object(Config\Cache), false)
#12 C:\xampp\htdocs\restapi\public\index.php(44): CodeIgniter\CodeIgniter->run()
#13 C:\xampp\htdocs\restapi\vendor\codeigniter4\framework\system\Commands\Server\rewrite.php(45): require_once('C:\\xampp\\htdocs...')
#14 {main}
CRITICAL - 2021-04-11 09:27:13 --> Undefined variable: _SESSION
#0 C:\xampp\htdocs\restapi\app\Controllers\Spotify.php(24): CodeIgniter\Debug\Exceptions->errorHandler(8, 'Undefined varia...', 'C:\\xampp\\htdocs...', 24, Array)
#1 C:\xampp\htdocs\restapi\vendor\codeigniter4\framework\system\CodeIgniter.php(936): App\Controllers\Spotify->index()
#2 C:\xampp\htdocs\restapi\vendor\codeigniter4\framework\system\CodeIgniter.php(432): CodeIgniter\CodeIgniter->runController(Object(App\Controllers\Spotify))
#3 C:\xampp\htdocs\restapi\vendor\codeigniter4\framework\system\CodeIgniter.php(333): CodeIgniter\CodeIgniter->handleRequest(NULL, Object(Config\Cache), false)
#4 C:\xampp\htdocs\restapi\public\index.php(44): CodeIgniter\CodeIgniter->run()
#5 C:\xampp\htdocs\restapi\vendor\codeigniter4\framework\system\Commands\Server\rewrite.php(45): require_once('C:\\xampp\\htdocs...')
#6 {main}
CRITICAL - 2021-04-11 09:28:17 --> Undefined variable: _SESSION
#0 C:\xampp\htdocs\restapi\app\Controllers\Spotify.php(24): CodeIgniter\Debug\Exceptions->errorHandler(8, 'Undefined varia...', 'C:\\xampp\\htdocs...', 24, Array)
#1 C:\xampp\htdocs\restapi\vendor\codeigniter4\framework\system\CodeIgniter.php(936): App\Controllers\Spotify->index()
#2 C:\xampp\htdocs\restapi\vendor\codeigniter4\framework\system\CodeIgniter.php(432): CodeIgniter\CodeIgniter->runController(Object(App\Controllers\Spotify))
#3 C:\xampp\htdocs\restapi\vendor\codeigniter4\framework\system\CodeIgniter.php(333): CodeIgniter\CodeIgniter->handleRequest(NULL, Object(Config\Cache), false)
#4 C:\xampp\htdocs\restapi\public\index.php(44): CodeIgniter\CodeIgniter->run()
#5 C:\xampp\htdocs\restapi\vendor\codeigniter4\framework\system\Commands\Server\rewrite.php(45): require_once('C:\\xampp\\htdocs...')
#6 {main}
CRITICAL - 2021-04-11 09:30:46 --> Namespace declaration statement has to be the very first statement or after any declare call in the script
#0 [internal function]: CodeIgniter\Debug\Exceptions->shutdownHandler()
#1 {main}
CRITICAL - 2021-04-11 09:31:04 --> Undefined index: name
#0 C:\xampp\htdocs\restapi\app\Controllers\Spotify.php(27): CodeIgniter\Debug\Exceptions->errorHandler(8, 'Undefined index...', 'C:\\xampp\\htdocs...', 27, Array)
#1 C:\xampp\htdocs\restapi\vendor\codeigniter4\framework\system\CodeIgniter.php(936): App\Controllers\Spotify->index()
#2 C:\xampp\htdocs\restapi\vendor\codeigniter4\framework\system\CodeIgniter.php(432): CodeIgniter\CodeIgniter->runController(Object(App\Controllers\Spotify))
#3 C:\xampp\htdocs\restapi\vendor\codeigniter4\framework\system\CodeIgniter.php(333): CodeIgniter\CodeIgniter->handleRequest(NULL, Object(Config\Cache), false)
#4 C:\xampp\htdocs\restapi\public\index.php(44): CodeIgniter\CodeIgniter->run()
#5 C:\xampp\htdocs\restapi\vendor\codeigniter4\framework\system\Commands\Server\rewrite.php(45): require_once('C:\\xampp\\htdocs...')
#6 {main}
CRITICAL - 2021-04-11 09:58:32 --> Constant expression contains invalid operations
#0 [internal function]: CodeIgniter\Debug\Exceptions->shutdownHandler()
#1 {main}
CRITICAL - 2021-04-11 09:59:42 --> ini_set(): A session is active. You cannot change the session module's ini settings at this time
#0 [internal function]: CodeIgniter\Debug\Exceptions->errorHandler(2, 'ini_set(): A se...', 'C:\\xampp\\htdocs...', 80, Array)
#1 C:\xampp\htdocs\restapi\vendor\codeigniter4\framework\system\Session\Handlers\FileHandler.php(80): ini_set('session.save_pa...', 'C:\\xampp\\htdocs...')
#2 C:\xampp\htdocs\restapi\vendor\codeigniter4\framework\system\Config\Services.php(706): CodeIgniter\Session\Handlers\FileHandler->__construct(Object(Config\App), '::1')
#3 C:\xampp\htdocs\restapi\vendor\codeigniter4\framework\system\Config\BaseService.php(100): CodeIgniter\Config\Services::session(Object(Config\App), false)
#4 C:\xampp\htdocs\restapi\vendor\codeigniter4\framework\system\Config\Services.php(699): CodeIgniter\Config\BaseService::getSharedInstance('session', NULL)
#5 C:\xampp\htdocs\restapi\vendor\codeigniter4\framework\system\Config\BaseService.php(171): CodeIgniter\Config\Services::session()
#6 C:\xampp\htdocs\restapi\app\Controllers\Spotify.php(25): CodeIgniter\Config\BaseService::__callStatic('session', Array)
#7 C:\xampp\htdocs\restapi\vendor\codeigniter4\framework\system\CodeIgniter.php(908): App\Controllers\Spotify->__construct()
#8 C:\xampp\htdocs\restapi\vendor\codeigniter4\framework\system\CodeIgniter.php(422): CodeIgniter\CodeIgniter->createController()
#9 C:\xampp\htdocs\restapi\vendor\codeigniter4\framework\system\CodeIgniter.php(333): CodeIgniter\CodeIgniter->handleRequest(NULL, Object(Config\Cache), false)
#10 C:\xampp\htdocs\restapi\public\index.php(44): CodeIgniter\CodeIgniter->run()
#11 C:\xampp\htdocs\restapi\vendor\codeigniter4\framework\system\Commands\Server\rewrite.php(45): require_once('C:\\xampp\\htdocs...')
#12 {main}
