ERROR - 2021-06-02 04:15:58 --> Error connecting to the database: No connection could be made because the target machine actively refused it.

CRITICAL - 2021-06-02 04:15:58 --> Unable to connect to the database.
#0 C:\Users\ASUS\Desktop\smartweb\vendor\codeigniter4\framework\system\Database\BaseConnection.php(618): CodeIgniter\Database\BaseConnection->initialize()
#1 C:\Users\ASUS\Desktop\smartweb\vendor\codeigniter4\framework\system\Database\BaseBuilder.php(1866): CodeIgniter\Database\BaseConnection->query('SELECT *\nFROM `...', Array, false)
#2 C:\Users\ASUS\Desktop\smartweb\vendor\codeigniter4\framework\system\Model.php(213): CodeIgniter\Database\BaseBuilder->get()
#3 C:\Users\ASUS\Desktop\smartweb\vendor\codeigniter4\framework\system\BaseModel.php(583): CodeIgniter\Model->doFindAll(0, 0)
#4 C:\Users\ASUS\Desktop\smartweb\app\Controllers\Login.php(104): CodeIgniter\BaseModel->findAll()
#5 C:\Users\ASUS\Desktop\smartweb\vendor\codeigniter4\framework\system\CodeIgniter.php(936): App\Controllers\Login->callback()
#6 C:\Users\ASUS\Desktop\smartweb\vendor\codeigniter4\framework\system\CodeIgniter.php(432): CodeIgniter\CodeIgniter->runController(Object(App\Controllers\Login))
#7 C:\Users\ASUS\Desktop\smartweb\vendor\codeigniter4\framework\system\CodeIgniter.php(333): CodeIgniter\CodeIgniter->handleRequest(NULL, Object(Config\Cache), false)
#8 C:\Users\ASUS\Desktop\smartweb\public\index.php(44): CodeIgniter\CodeIgniter->run()
#9 C:\Users\ASUS\Desktop\smartweb\vendor\codeigniter4\framework\system\Commands\Server\rewrite.php(45): require_once('C:\\Users\\ASUS\\D...')
#10 {main}
CRITICAL - 2021-06-02 05:25:07 --> Undefined property: SpotifyWebAPI\SpotifyWebAPI::$me
#0 C:\Users\ASUS\Desktop\smartweb\app\Controllers\Search.php(166): CodeIgniter\Debug\Exceptions->errorHandler(8, 'Undefined prope...', 'C:\\Users\\ASUS\\D...', 166, Array)
#1 C:\Users\ASUS\Desktop\smartweb\vendor\codeigniter4\framework\system\CodeIgniter.php(936): App\Controllers\Search->episode('1tXhPfdKKqUVffT...')
#2 C:\Users\ASUS\Desktop\smartweb\vendor\codeigniter4\framework\system\CodeIgniter.php(432): CodeIgniter\CodeIgniter->runController(Object(App\Controllers\Search))
#3 C:\Users\ASUS\Desktop\smartweb\vendor\codeigniter4\framework\system\CodeIgniter.php(333): CodeIgniter\CodeIgniter->handleRequest(NULL, Object(Config\Cache), false)
#4 C:\Users\ASUS\Desktop\smartweb\public\index.php(44): CodeIgniter\CodeIgniter->run()
#5 C:\Users\ASUS\Desktop\smartweb\vendor\codeigniter4\framework\system\Commands\Server\rewrite.php(45): require_once('C:\\Users\\ASUS\\D...')
#6 {main}
CRITICAL - 2021-06-02 05:25:39 --> Undefined property: SpotifyWebAPI\SpotifyWebAPI::$me
#0 C:\Users\ASUS\Desktop\smartweb\app\Controllers\Search.php(166): CodeIgniter\Debug\Exceptions->errorHandler(8, 'Undefined prope...', 'C:\\Users\\ASUS\\D...', 166, Array)
#1 C:\Users\ASUS\Desktop\smartweb\vendor\codeigniter4\framework\system\CodeIgniter.php(936): App\Controllers\Search->episode('1tXhPfdKKqUVffT...')
#2 C:\Users\ASUS\Desktop\smartweb\vendor\codeigniter4\framework\system\CodeIgniter.php(432): CodeIgniter\CodeIgniter->runController(Object(App\Controllers\Search))
#3 C:\Users\ASUS\Desktop\smartweb\vendor\codeigniter4\framework\system\CodeIgniter.php(333): CodeIgniter\CodeIgniter->handleRequest(NULL, Object(Config\Cache), false)
#4 C:\Users\ASUS\Desktop\smartweb\public\index.php(44): CodeIgniter\CodeIgniter->run()
#5 C:\Users\ASUS\Desktop\smartweb\vendor\codeigniter4\framework\system\Commands\Server\rewrite.php(45): require_once('C:\\Users\\ASUS\\D...')
#6 {main}
CRITICAL - 2021-06-02 05:49:54 --> There is no primary key defined when trying to make insert.
#0 C:\Users\ASUS\Desktop\smartweb\vendor\codeigniter4\framework\system\Model.php(267): CodeIgniter\Database\Exceptions\DataException::forEmptyPrimaryKey('insert')
#1 C:\Users\ASUS\Desktop\smartweb\vendor\codeigniter4\framework\system\BaseModel.php(758): CodeIgniter\Model->doInsert(Array)
#2 C:\Users\ASUS\Desktop\smartweb\vendor\codeigniter4\framework\system\Model.php(705): CodeIgniter\BaseModel->insert(Array, false)
#3 C:\Users\ASUS\Desktop\smartweb\vendor\codeigniter4\framework\system\BaseModel.php(667): CodeIgniter\Model->insert(Array, false)
#4 C:\Users\ASUS\Desktop\smartweb\app\Controllers\Search.php(189): CodeIgniter\BaseModel->save(Array)
#5 C:\Users\ASUS\Desktop\smartweb\vendor\codeigniter4\framework\system\CodeIgniter.php(936): App\Controllers\Search->saveComment()
#6 C:\Users\ASUS\Desktop\smartweb\vendor\codeigniter4\framework\system\CodeIgniter.php(432): CodeIgniter\CodeIgniter->runController(Object(App\Controllers\Search))
#7 C:\Users\ASUS\Desktop\smartweb\vendor\codeigniter4\framework\system\CodeIgniter.php(333): CodeIgniter\CodeIgniter->handleRequest(NULL, Object(Config\Cache), false)
#8 C:\Users\ASUS\Desktop\smartweb\public\index.php(44): CodeIgniter\CodeIgniter->run()
#9 C:\Users\ASUS\Desktop\smartweb\vendor\codeigniter4\framework\system\Commands\Server\rewrite.php(45): require_once('C:\\Users\\ASUS\\D...')
#10 {main}
CRITICAL - 2021-06-02 05:52:16 --> There is no primary key defined when trying to make insert.
#0 C:\Users\ASUS\Desktop\smartweb\vendor\codeigniter4\framework\system\Model.php(267): CodeIgniter\Database\Exceptions\DataException::forEmptyPrimaryKey('insert')
#1 C:\Users\ASUS\Desktop\smartweb\vendor\codeigniter4\framework\system\BaseModel.php(758): CodeIgniter\Model->doInsert(Array)
#2 C:\Users\ASUS\Desktop\smartweb\vendor\codeigniter4\framework\system\Model.php(705): CodeIgniter\BaseModel->insert(Array, false)
#3 C:\Users\ASUS\Desktop\smartweb\vendor\codeigniter4\framework\system\BaseModel.php(667): CodeIgniter\Model->insert(Array, false)
#4 C:\Users\ASUS\Desktop\smartweb\app\Controllers\Search.php(189): CodeIgniter\BaseModel->save(Array)
#5 C:\Users\ASUS\Desktop\smartweb\vendor\codeigniter4\framework\system\CodeIgniter.php(936): App\Controllers\Search->save()
#6 C:\Users\ASUS\Desktop\smartweb\vendor\codeigniter4\framework\system\CodeIgniter.php(432): CodeIgniter\CodeIgniter->runController(Object(App\Controllers\Search))
#7 C:\Users\ASUS\Desktop\smartweb\vendor\codeigniter4\framework\system\CodeIgniter.php(333): CodeIgniter\CodeIgniter->handleRequest(NULL, Object(Config\Cache), false)
#8 C:\Users\ASUS\Desktop\smartweb\public\index.php(44): CodeIgniter\CodeIgniter->run()
#9 C:\Users\ASUS\Desktop\smartweb\vendor\codeigniter4\framework\system\Commands\Server\rewrite.php(45): require_once('C:\\Users\\ASUS\\D...')
#10 {main}
ERROR - 2021-06-02 05:52:56 --> mysqli_sql_exception: Unknown column 'updated_at' in 'field list' in C:\Users\ASUS\Desktop\smartweb\vendor\codeigniter4\framework\system\Database\MySQLi\Connection.php:314
Stack trace:
#0 C:\Users\ASUS\Desktop\smartweb\vendor\codeigniter4\framework\system\Database\MySQLi\Connection.php(314): mysqli->query('INSERT INTO `co...')
#1 C:\Users\ASUS\Desktop\smartweb\vendor\codeigniter4\framework\system\Database\BaseConnection.php(713): CodeIgniter\Database\MySQLi\Connection->execute('INSERT INTO `co...')
#2 C:\Users\ASUS\Desktop\smartweb\vendor\codeigniter4\framework\system\Database\BaseConnection.php(641): CodeIgniter\Database\BaseConnection->simpleQuery('INSERT INTO `co...')
#3 C:\Users\ASUS\Desktop\smartweb\vendor\codeigniter4\framework\system\Database\BaseBuilder.php(2263): CodeIgniter\Database\BaseConnection->query('INSERT INTO `co...', Array, false)
#4 C:\Users\ASUS\Desktop\smartweb\vendor\codeigniter4\framework\system\Model.php(278): CodeIgniter\Database\BaseBuilder->insert()
#5 C:\Users\ASUS\Desktop\smartweb\vendor\codeigniter4\framework\system\BaseModel.php(758): CodeIgniter\Model->doInsert(Array)
#6 C:\Users\ASUS\Desktop\smartweb\vendor\codeigniter4\framework\system\Model.php(705): CodeIgniter\BaseModel->insert(Array, false)
#7 C:\Users\ASUS\Desktop\smartweb\vendor\codeigniter4\framework\system\BaseModel.php(667): CodeIgniter\Model->insert(Array, false)
#8 C:\Users\ASUS\Desktop\smartweb\app\Controllers\Search.php(189): CodeIgniter\BaseModel->save(Array)
#9 C:\Users\ASUS\Desktop\smartweb\vendor\codeigniter4\framework\system\CodeIgniter.php(936): App\Controllers\Search->save()
#10 C:\Users\ASUS\Desktop\smartweb\vendor\codeigniter4\framework\system\CodeIgniter.php(432): CodeIgniter\CodeIgniter->runController(Object(App\Controllers\Search))
#11 C:\Users\ASUS\Desktop\smartweb\vendor\codeigniter4\framework\system\CodeIgniter.php(333): CodeIgniter\CodeIgniter->handleRequest(NULL, Object(Config\Cache), false)
#12 C:\Users\ASUS\Desktop\smartweb\public\index.php(44): CodeIgniter\CodeIgniter->run()
#13 C:\Users\ASUS\Desktop\smartweb\vendor\codeigniter4\framework\system\Commands\Server\rewrite.php(45): require_once('C:\\Users\\ASUS\\D...')
#14 {main}
CRITICAL - 2021-06-02 05:52:56 --> Unknown column 'updated_at' in 'field list'
#0 C:\Users\ASUS\Desktop\smartweb\vendor\codeigniter4\framework\system\Database\MySQLi\Connection.php(314): mysqli->query('INSERT INTO `co...')
#1 C:\Users\ASUS\Desktop\smartweb\vendor\codeigniter4\framework\system\Database\BaseConnection.php(713): CodeIgniter\Database\MySQLi\Connection->execute('INSERT INTO `co...')
#2 C:\Users\ASUS\Desktop\smartweb\vendor\codeigniter4\framework\system\Database\BaseConnection.php(641): CodeIgniter\Database\BaseConnection->simpleQuery('INSERT INTO `co...')
#3 C:\Users\ASUS\Desktop\smartweb\vendor\codeigniter4\framework\system\Database\BaseBuilder.php(2263): CodeIgniter\Database\BaseConnection->query('INSERT INTO `co...', Array, false)
#4 C:\Users\ASUS\Desktop\smartweb\vendor\codeigniter4\framework\system\Model.php(278): CodeIgniter\Database\BaseBuilder->insert()
#5 C:\Users\ASUS\Desktop\smartweb\vendor\codeigniter4\framework\system\BaseModel.php(758): CodeIgniter\Model->doInsert(Array)
#6 C:\Users\ASUS\Desktop\smartweb\vendor\codeigniter4\framework\system\Model.php(705): CodeIgniter\BaseModel->insert(Array, false)
#7 C:\Users\ASUS\Desktop\smartweb\vendor\codeigniter4\framework\system\BaseModel.php(667): CodeIgniter\Model->insert(Array, false)
#8 C:\Users\ASUS\Desktop\smartweb\app\Controllers\Search.php(189): CodeIgniter\BaseModel->save(Array)
#9 C:\Users\ASUS\Desktop\smartweb\vendor\codeigniter4\framework\system\CodeIgniter.php(936): App\Controllers\Search->save()
#10 C:\Users\ASUS\Desktop\smartweb\vendor\codeigniter4\framework\system\CodeIgniter.php(432): CodeIgniter\CodeIgniter->runController(Object(App\Controllers\Search))
#11 C:\Users\ASUS\Desktop\smartweb\vendor\codeigniter4\framework\system\CodeIgniter.php(333): CodeIgniter\CodeIgniter->handleRequest(NULL, Object(Config\Cache), false)
#12 C:\Users\ASUS\Desktop\smartweb\public\index.php(44): CodeIgniter\CodeIgniter->run()
#13 C:\Users\ASUS\Desktop\smartweb\vendor\codeigniter4\framework\system\Commands\Server\rewrite.php(45): require_once('C:\\Users\\ASUS\\D...')
#14 {main}
ERROR - 2021-06-02 05:54:47 --> mysqli_sql_exception: Cannot add or update a child row: a foreign key constraint fails (`restapi`.`comment`, CONSTRAINT `comment_ibfk_2` FOREIGN KEY (`id_pod`) REFERENCES `podcast` (`id_pod`)) in C:\Users\ASUS\Desktop\smartweb\vendor\codeigniter4\framework\system\Database\MySQLi\Connection.php:314
Stack trace:
#0 C:\Users\ASUS\Desktop\smartweb\vendor\codeigniter4\framework\system\Database\MySQLi\Connection.php(314): mysqli->query('INSERT INTO `co...')
#1 C:\Users\ASUS\Desktop\smartweb\vendor\codeigniter4\framework\system\Database\BaseConnection.php(713): CodeIgniter\Database\MySQLi\Connection->execute('INSERT INTO `co...')
#2 C:\Users\ASUS\Desktop\smartweb\vendor\codeigniter4\framework\system\Database\BaseConnection.php(641): CodeIgniter\Database\BaseConnection->simpleQuery('INSERT INTO `co...')
#3 C:\Users\ASUS\Desktop\smartweb\vendor\codeigniter4\framework\system\Database\BaseBuilder.php(2263): CodeIgniter\Database\BaseConnection->query('INSERT INTO `co...', Array, false)
#4 C:\Users\ASUS\Desktop\smartweb\vendor\codeigniter4\framework\system\Model.php(278): CodeIgniter\Database\BaseBuilder->insert()
#5 C:\Users\ASUS\Desktop\smartweb\vendor\codeigniter4\framework\system\BaseModel.php(758): CodeIgniter\Model->doInsert(Array)
#6 C:\Users\ASUS\Desktop\smartweb\vendor\codeigniter4\framework\system\Model.php(705): CodeIgniter\BaseModel->insert(Array, false)
#7 C:\Users\ASUS\Desktop\smartweb\vendor\codeigniter4\framework\system\BaseModel.php(667): CodeIgniter\Model->insert(Array, false)
#8 C:\Users\ASUS\Desktop\smartweb\app\Controllers\Search.php(189): CodeIgniter\BaseModel->save(Array)
#9 C:\Users\ASUS\Desktop\smartweb\vendor\codeigniter4\framework\system\CodeIgniter.php(936): App\Controllers\Search->save()
#10 C:\Users\ASUS\Desktop\smartweb\vendor\codeigniter4\framework\system\CodeIgniter.php(432): CodeIgniter\CodeIgniter->runController(Object(App\Controllers\Search))
#11 C:\Users\ASUS\Desktop\smartweb\vendor\codeigniter4\framework\system\CodeIgniter.php(333): CodeIgniter\CodeIgniter->handleRequest(NULL, Object(Config\Cache), false)
#12 C:\Users\ASUS\Desktop\smartweb\public\index.php(44): CodeIgniter\CodeIgniter->run()
#13 C:\Users\ASUS\Desktop\smartweb\vendor\codeigniter4\framework\system\Commands\Server\rewrite.php(45): require_once('C:\\Users\\ASUS\\D...')
#14 {main}
CRITICAL - 2021-06-02 05:54:47 --> Cannot add or update a child row: a foreign key constraint fails (`restapi`.`comment`, CONSTRAINT `comment_ibfk_2` FOREIGN KEY (`id_pod`) REFERENCES `podcast` (`id_pod`))
#0 C:\Users\ASUS\Desktop\smartweb\vendor\codeigniter4\framework\system\Database\MySQLi\Connection.php(314): mysqli->query('INSERT INTO `co...')
#1 C:\Users\ASUS\Desktop\smartweb\vendor\codeigniter4\framework\system\Database\BaseConnection.php(713): CodeIgniter\Database\MySQLi\Connection->execute('INSERT INTO `co...')
#2 C:\Users\ASUS\Desktop\smartweb\vendor\codeigniter4\framework\system\Database\BaseConnection.php(641): CodeIgniter\Database\BaseConnection->simpleQuery('INSERT INTO `co...')
#3 C:\Users\ASUS\Desktop\smartweb\vendor\codeigniter4\framework\system\Database\BaseBuilder.php(2263): CodeIgniter\Database\BaseConnection->query('INSERT INTO `co...', Array, false)
#4 C:\Users\ASUS\Desktop\smartweb\vendor\codeigniter4\framework\system\Model.php(278): CodeIgniter\Database\BaseBuilder->insert()
#5 C:\Users\ASUS\Desktop\smartweb\vendor\codeigniter4\framework\system\BaseModel.php(758): CodeIgniter\Model->doInsert(Array)
#6 C:\Users\ASUS\Desktop\smartweb\vendor\codeigniter4\framework\system\Model.php(705): CodeIgniter\BaseModel->insert(Array, false)
#7 C:\Users\ASUS\Desktop\smartweb\vendor\codeigniter4\framework\system\BaseModel.php(667): CodeIgniter\Model->insert(Array, false)
#8 C:\Users\ASUS\Desktop\smartweb\app\Controllers\Search.php(189): CodeIgniter\BaseModel->save(Array)
#9 C:\Users\ASUS\Desktop\smartweb\vendor\codeigniter4\framework\system\CodeIgniter.php(936): App\Controllers\Search->save()
#10 C:\Users\ASUS\Desktop\smartweb\vendor\codeigniter4\framework\system\CodeIgniter.php(432): CodeIgniter\CodeIgniter->runController(Object(App\Controllers\Search))
#11 C:\Users\ASUS\Desktop\smartweb\vendor\codeigniter4\framework\system\CodeIgniter.php(333): CodeIgniter\CodeIgniter->handleRequest(NULL, Object(Config\Cache), false)
#12 C:\Users\ASUS\Desktop\smartweb\public\index.php(44): CodeIgniter\CodeIgniter->run()
#13 C:\Users\ASUS\Desktop\smartweb\vendor\codeigniter4\framework\system\Commands\Server\rewrite.php(45): require_once('C:\\Users\\ASUS\\D...')
#14 {main}
ERROR - 2021-06-02 05:59:45 --> mysqli_sql_exception: Cannot add or update a child row: a foreign key constraint fails (`restapi`.`comment`, CONSTRAINT `comment_ibfk_2` FOREIGN KEY (`id_pod`) REFERENCES `podcast` (`id_pod`) ON DELETE NO ACTION ON UPDATE NO ACTION) in C:\Users\ASUS\Desktop\smartweb\vendor\codeigniter4\framework\system\Database\MySQLi\Connection.php:314
Stack trace:
#0 C:\Users\ASUS\Desktop\smartweb\vendor\codeigniter4\framework\system\Database\MySQLi\Connection.php(314): mysqli->query('INSERT INTO `co...')
#1 C:\Users\ASUS\Desktop\smartweb\vendor\codeigniter4\framework\system\Database\BaseConnection.php(713): CodeIgniter\Database\MySQLi\Connection->execute('INSERT INTO `co...')
#2 C:\Users\ASUS\Desktop\smartweb\vendor\codeigniter4\framework\system\Database\BaseConnection.php(641): CodeIgniter\Database\BaseConnection->simpleQuery('INSERT INTO `co...')
#3 C:\Users\ASUS\Desktop\smartweb\vendor\codeigniter4\framework\system\Database\BaseBuilder.php(2263): CodeIgniter\Database\BaseConnection->query('INSERT INTO `co...', Array, false)
#4 C:\Users\ASUS\Desktop\smartweb\vendor\codeigniter4\framework\system\Model.php(278): CodeIgniter\Database\BaseBuilder->insert()
#5 C:\Users\ASUS\Desktop\smartweb\vendor\codeigniter4\framework\system\BaseModel.php(758): CodeIgniter\Model->doInsert(Array)
#6 C:\Users\ASUS\Desktop\smartweb\vendor\codeigniter4\framework\system\Model.php(705): CodeIgniter\BaseModel->insert(Array, false)
#7 C:\Users\ASUS\Desktop\smartweb\vendor\codeigniter4\framework\system\BaseModel.php(667): CodeIgniter\Model->insert(Array, false)
#8 C:\Users\ASUS\Desktop\smartweb\app\Controllers\Search.php(189): CodeIgniter\BaseModel->save(Array)
#9 C:\Users\ASUS\Desktop\smartweb\vendor\codeigniter4\framework\system\CodeIgniter.php(936): App\Controllers\Search->save()
#10 C:\Users\ASUS\Desktop\smartweb\vendor\codeigniter4\framework\system\CodeIgniter.php(432): CodeIgniter\CodeIgniter->runController(Object(App\Controllers\Search))
#11 C:\Users\ASUS\Desktop\smartweb\vendor\codeigniter4\framework\system\CodeIgniter.php(333): CodeIgniter\CodeIgniter->handleRequest(NULL, Object(Config\Cache), false)
#12 C:\Users\ASUS\Desktop\smartweb\public\index.php(44): CodeIgniter\CodeIgniter->run()
#13 C:\Users\ASUS\Desktop\smartweb\vendor\codeigniter4\framework\system\Commands\Server\rewrite.php(45): require_once('C:\\Users\\ASUS\\D...')
#14 {main}
CRITICAL - 2021-06-02 05:59:45 --> Cannot add or update a child row: a foreign key constraint fails (`restapi`.`comment`, CONSTRAINT `comment_ibfk_2` FOREIGN KEY (`id_pod`) REFERENCES `podcast` (`id_pod`) ON DELETE NO ACTION ON UPDATE NO ACTION)
#0 C:\Users\ASUS\Desktop\smartweb\vendor\codeigniter4\framework\system\Database\MySQLi\Connection.php(314): mysqli->query('INSERT INTO `co...')
#1 C:\Users\ASUS\Desktop\smartweb\vendor\codeigniter4\framework\system\Database\BaseConnection.php(713): CodeIgniter\Database\MySQLi\Connection->execute('INSERT INTO `co...')
#2 C:\Users\ASUS\Desktop\smartweb\vendor\codeigniter4\framework\system\Database\BaseConnection.php(641): CodeIgniter\Database\BaseConnection->simpleQuery('INSERT INTO `co...')
#3 C:\Users\ASUS\Desktop\smartweb\vendor\codeigniter4\framework\system\Database\BaseBuilder.php(2263): CodeIgniter\Database\BaseConnection->query('INSERT INTO `co...', Array, false)
#4 C:\Users\ASUS\Desktop\smartweb\vendor\codeigniter4\framework\system\Model.php(278): CodeIgniter\Database\BaseBuilder->insert()
#5 C:\Users\ASUS\Desktop\smartweb\vendor\codeigniter4\framework\system\BaseModel.php(758): CodeIgniter\Model->doInsert(Array)
#6 C:\Users\ASUS\Desktop\smartweb\vendor\codeigniter4\framework\system\Model.php(705): CodeIgniter\BaseModel->insert(Array, false)
#7 C:\Users\ASUS\Desktop\smartweb\vendor\codeigniter4\framework\system\BaseModel.php(667): CodeIgniter\Model->insert(Array, false)
#8 C:\Users\ASUS\Desktop\smartweb\app\Controllers\Search.php(189): CodeIgniter\BaseModel->save(Array)
#9 C:\Users\ASUS\Desktop\smartweb\vendor\codeigniter4\framework\system\CodeIgniter.php(936): App\Controllers\Search->save()
#10 C:\Users\ASUS\Desktop\smartweb\vendor\codeigniter4\framework\system\CodeIgniter.php(432): CodeIgniter\CodeIgniter->runController(Object(App\Controllers\Search))
#11 C:\Users\ASUS\Desktop\smartweb\vendor\codeigniter4\framework\system\CodeIgniter.php(333): CodeIgniter\CodeIgniter->handleRequest(NULL, Object(Config\Cache), false)
#12 C:\Users\ASUS\Desktop\smartweb\public\index.php(44): CodeIgniter\CodeIgniter->run()
#13 C:\Users\ASUS\Desktop\smartweb\vendor\codeigniter4\framework\system\Commands\Server\rewrite.php(45): require_once('C:\\Users\\ASUS\\D...')
#14 {main}
CRITICAL - 2021-06-02 08:05:45 --> Undefined index: accToken
#0 C:\Users\ASUS\Desktop\smartweb\app\Controllers\Search.php(145): CodeIgniter\Debug\Exceptions->errorHandler(8, 'Undefined index...', 'C:\\Users\\ASUS\\D...', 145, Array)
#1 C:\Users\ASUS\Desktop\smartweb\vendor\codeigniter4\framework\system\CodeIgniter.php(936): App\Controllers\Search->episode('1tXhPfdKKqUVffT...')
#2 C:\Users\ASUS\Desktop\smartweb\vendor\codeigniter4\framework\system\CodeIgniter.php(432): CodeIgniter\CodeIgniter->runController(Object(App\Controllers\Search))
#3 C:\Users\ASUS\Desktop\smartweb\vendor\codeigniter4\framework\system\CodeIgniter.php(333): CodeIgniter\CodeIgniter->handleRequest(NULL, Object(Config\Cache), false)
#4 C:\Users\ASUS\Desktop\smartweb\public\index.php(44): CodeIgniter\CodeIgniter->run()
#5 C:\Users\ASUS\Desktop\smartweb\vendor\codeigniter4\framework\system\Commands\Server\rewrite.php(45): require_once('C:\\Users\\ASUS\\D...')
#6 {main}
CRITICAL - 2021-06-02 08:09:41 --> Call to a member function first() on array
#0 C:\Users\ASUS\Desktop\smartweb\vendor\codeigniter4\framework\system\CodeIgniter.php(936): App\Controllers\Search->episode('1tXhPfdKKqUVffT...')
#1 C:\Users\ASUS\Desktop\smartweb\vendor\codeigniter4\framework\system\CodeIgniter.php(432): CodeIgniter\CodeIgniter->runController(Object(App\Controllers\Search))
#2 C:\Users\ASUS\Desktop\smartweb\vendor\codeigniter4\framework\system\CodeIgniter.php(333): CodeIgniter\CodeIgniter->handleRequest(NULL, Object(Config\Cache), false)
#3 C:\Users\ASUS\Desktop\smartweb\public\index.php(44): CodeIgniter\CodeIgniter->run()
#4 C:\Users\ASUS\Desktop\smartweb\vendor\codeigniter4\framework\system\Commands\Server\rewrite.php(45): require_once('C:\\Users\\ASUS\\D...')
#5 {main}
CRITICAL - 2021-06-02 08:18:23 --> Trying to get property 'accToken' of non-object
#0 C:\Users\ASUS\Desktop\smartweb\app\Controllers\Search.php(146): CodeIgniter\Debug\Exceptions->errorHandler(8, 'Trying to get p...', 'C:\\Users\\ASUS\\D...', 146, Array)
#1 C:\Users\ASUS\Desktop\smartweb\vendor\codeigniter4\framework\system\CodeIgniter.php(936): App\Controllers\Search->episode('1tXhPfdKKqUVffT...')
#2 C:\Users\ASUS\Desktop\smartweb\vendor\codeigniter4\framework\system\CodeIgniter.php(432): CodeIgniter\CodeIgniter->runController(Object(App\Controllers\Search))
#3 C:\Users\ASUS\Desktop\smartweb\vendor\codeigniter4\framework\system\CodeIgniter.php(333): CodeIgniter\CodeIgniter->handleRequest(NULL, Object(Config\Cache), false)
#4 C:\Users\ASUS\Desktop\smartweb\public\index.php(44): CodeIgniter\CodeIgniter->run()
#5 C:\Users\ASUS\Desktop\smartweb\vendor\codeigniter4\framework\system\Commands\Server\rewrite.php(45): require_once('C:\\Users\\ASUS\\D...')
#6 {main}
ERROR - 2021-06-02 08:36:07 --> mysqli_sql_exception: Cannot add or update a child row: a foreign key constraint fails (`restapi`.`podcast`, CONSTRAINT `podcast_ibfk_1` FOREIGN KEY (`id_kategori`) REFERENCES `pod_kategori` (`id_kategori`)) in C:\Users\ASUS\Desktop\smartweb\vendor\codeigniter4\framework\system\Database\MySQLi\Connection.php:314
Stack trace:
#0 C:\Users\ASUS\Desktop\smartweb\vendor\codeigniter4\framework\system\Database\MySQLi\Connection.php(314): mysqli->query('INSERT INTO `po...')
#1 C:\Users\ASUS\Desktop\smartweb\vendor\codeigniter4\framework\system\Database\BaseConnection.php(713): CodeIgniter\Database\MySQLi\Connection->execute('INSERT INTO `po...')
#2 C:\Users\ASUS\Desktop\smartweb\vendor\codeigniter4\framework\system\Database\BaseConnection.php(641): CodeIgniter\Database\BaseConnection->simpleQuery('INSERT INTO `po...')
#3 C:\Users\ASUS\Desktop\smartweb\vendor\codeigniter4\framework\system\Database\BaseBuilder.php(2263): CodeIgniter\Database\BaseConnection->query('INSERT INTO `po...', Array, false)
#4 C:\Users\ASUS\Desktop\smartweb\vendor\codeigniter4\framework\system\Model.php(278): CodeIgniter\Database\BaseBuilder->insert()
#5 C:\Users\ASUS\Desktop\smartweb\vendor\codeigniter4\framework\system\BaseModel.php(758): CodeIgniter\Model->doInsert(Array)
#6 C:\Users\ASUS\Desktop\smartweb\vendor\codeigniter4\framework\system\Model.php(705): CodeIgniter\BaseModel->insert(Array, true)
#7 C:\Users\ASUS\Desktop\smartweb\app\Controllers\Search.php(215): CodeIgniter\Model->insert(Array)
#8 C:\Users\ASUS\Desktop\smartweb\vendor\codeigniter4\framework\system\CodeIgniter.php(936): App\Controllers\Search->save()
#9 C:\Users\ASUS\Desktop\smartweb\vendor\codeigniter4\framework\system\CodeIgniter.php(432): CodeIgniter\CodeIgniter->runController(Object(App\Controllers\Search))
#10 C:\Users\ASUS\Desktop\smartweb\vendor\codeigniter4\framework\system\CodeIgniter.php(333): CodeIgniter\CodeIgniter->handleRequest(NULL, Object(Config\Cache), false)
#11 C:\Users\ASUS\Desktop\smartweb\public\index.php(44): CodeIgniter\CodeIgniter->run()
#12 C:\Users\ASUS\Desktop\smartweb\vendor\codeigniter4\framework\system\Commands\Server\rewrite.php(45): require_once('C:\\Users\\ASUS\\D...')
#13 {main}
CRITICAL - 2021-06-02 08:36:07 --> Cannot add or update a child row: a foreign key constraint fails (`restapi`.`podcast`, CONSTRAINT `podcast_ibfk_1` FOREIGN KEY (`id_kategori`) REFERENCES `pod_kategori` (`id_kategori`))
#0 C:\Users\ASUS\Desktop\smartweb\vendor\codeigniter4\framework\system\Database\MySQLi\Connection.php(314): mysqli->query('INSERT INTO `po...')
#1 C:\Users\ASUS\Desktop\smartweb\vendor\codeigniter4\framework\system\Database\BaseConnection.php(713): CodeIgniter\Database\MySQLi\Connection->execute('INSERT INTO `po...')
#2 C:\Users\ASUS\Desktop\smartweb\vendor\codeigniter4\framework\system\Database\BaseConnection.php(641): CodeIgniter\Database\BaseConnection->simpleQuery('INSERT INTO `po...')
#3 C:\Users\ASUS\Desktop\smartweb\vendor\codeigniter4\framework\system\Database\BaseBuilder.php(2263): CodeIgniter\Database\BaseConnection->query('INSERT INTO `po...', Array, false)
#4 C:\Users\ASUS\Desktop\smartweb\vendor\codeigniter4\framework\system\Model.php(278): CodeIgniter\Database\BaseBuilder->insert()
#5 C:\Users\ASUS\Desktop\smartweb\vendor\codeigniter4\framework\system\BaseModel.php(758): CodeIgniter\Model->doInsert(Array)
#6 C:\Users\ASUS\Desktop\smartweb\vendor\codeigniter4\framework\system\Model.php(705): CodeIgniter\BaseModel->insert(Array, true)
#7 C:\Users\ASUS\Desktop\smartweb\app\Controllers\Search.php(215): CodeIgniter\Model->insert(Array)
#8 C:\Users\ASUS\Desktop\smartweb\vendor\codeigniter4\framework\system\CodeIgniter.php(936): App\Controllers\Search->save()
#9 C:\Users\ASUS\Desktop\smartweb\vendor\codeigniter4\framework\system\CodeIgniter.php(432): CodeIgniter\CodeIgniter->runController(Object(App\Controllers\Search))
#10 C:\Users\ASUS\Desktop\smartweb\vendor\codeigniter4\framework\system\CodeIgniter.php(333): CodeIgniter\CodeIgniter->handleRequest(NULL, Object(Config\Cache), false)
#11 C:\Users\ASUS\Desktop\smartweb\public\index.php(44): CodeIgniter\CodeIgniter->run()
#12 C:\Users\ASUS\Desktop\smartweb\vendor\codeigniter4\framework\system\Commands\Server\rewrite.php(45): require_once('C:\\Users\\ASUS\\D...')
#13 {main}
ERROR - 2021-06-02 10:09:14 --> Error connecting to the database: No connection could be made because the target machine actively refused it.

CRITICAL - 2021-06-02 10:09:14 --> Unable to connect to the database.
#0 C:\xampp\htdocs\smartweb\vendor\codeigniter4\framework\system\Database\BaseConnection.php(618): CodeIgniter\Database\BaseConnection->initialize()
#1 C:\xampp\htdocs\smartweb\vendor\codeigniter4\framework\system\Database\BaseBuilder.php(1866): CodeIgniter\Database\BaseConnection->query('SELECT *\nFROM `...', Array, false)
#2 C:\xampp\htdocs\smartweb\vendor\codeigniter4\framework\system\Model.php(169): CodeIgniter\Database\BaseBuilder->get()
#3 C:\xampp\htdocs\smartweb\vendor\codeigniter4\framework\system\BaseModel.php(518): CodeIgniter\Model->doFind(true, '214lx3fduj5kgg5...')
#4 C:\xampp\htdocs\smartweb\app\Controllers\Login.php(103): CodeIgniter\BaseModel->find('214lx3fduj5kgg5...')
#5 C:\xampp\htdocs\smartweb\vendor\codeigniter4\framework\system\CodeIgniter.php(936): App\Controllers\Login->callback()
#6 C:\xampp\htdocs\smartweb\vendor\codeigniter4\framework\system\CodeIgniter.php(432): CodeIgniter\CodeIgniter->runController(Object(App\Controllers\Login))
#7 C:\xampp\htdocs\smartweb\vendor\codeigniter4\framework\system\CodeIgniter.php(333): CodeIgniter\CodeIgniter->handleRequest(NULL, Object(Config\Cache), false)
#8 C:\xampp\htdocs\smartweb\public\index.php(44): CodeIgniter\CodeIgniter->run()
#9 C:\xampp\htdocs\smartweb\vendor\codeigniter4\framework\system\Commands\Server\rewrite.php(45): require_once('C:\\xampp\\htdocs...')
#10 {main}
CRITICAL - 2021-06-02 10:12:05 --> Invalid authorization code
#0 C:\xampp\htdocs\smartweb\vendor\jwilsson\spotify-web-api-php\src\Request.php(263): SpotifyWebAPI\Request->parseBody(Object(stdClass), 400)
#1 C:\xampp\htdocs\smartweb\vendor\jwilsson\spotify-web-api-php\src\Request.php(116): SpotifyWebAPI\Request->send('POST', 'https://account...', 'client_id=d1abe...', Array)
#2 C:\xampp\htdocs\smartweb\vendor\jwilsson\spotify-web-api-php\src\Session.php(248): SpotifyWebAPI\Request->account('POST', '/api/token', Array, Array)
#3 C:\xampp\htdocs\smartweb\app\Controllers\Login.php(92): SpotifyWebAPI\Session->requestAccessToken('AQC44OT3EZRCcwA...')
#4 C:\xampp\htdocs\smartweb\vendor\codeigniter4\framework\system\CodeIgniter.php(936): App\Controllers\Login->callback()
#5 C:\xampp\htdocs\smartweb\vendor\codeigniter4\framework\system\CodeIgniter.php(432): CodeIgniter\CodeIgniter->runController(Object(App\Controllers\Login))
#6 C:\xampp\htdocs\smartweb\vendor\codeigniter4\framework\system\CodeIgniter.php(333): CodeIgniter\CodeIgniter->handleRequest(NULL, Object(Config\Cache), false)
#7 C:\xampp\htdocs\smartweb\public\index.php(44): CodeIgniter\CodeIgniter->run()
#8 C:\xampp\htdocs\smartweb\vendor\codeigniter4\framework\system\Commands\Server\rewrite.php(45): require_once('C:\\xampp\\htdocs...')
#9 {main}
CRITICAL - 2021-06-02 10:12:07 --> Invalid authorization code
#0 C:\xampp\htdocs\smartweb\vendor\jwilsson\spotify-web-api-php\src\Request.php(263): SpotifyWebAPI\Request->parseBody(Object(stdClass), 400)
#1 C:\xampp\htdocs\smartweb\vendor\jwilsson\spotify-web-api-php\src\Request.php(116): SpotifyWebAPI\Request->send('POST', 'https://account...', 'client_id=d1abe...', Array)
#2 C:\xampp\htdocs\smartweb\vendor\jwilsson\spotify-web-api-php\src\Session.php(248): SpotifyWebAPI\Request->account('POST', '/api/token', Array, Array)
#3 C:\xampp\htdocs\smartweb\app\Controllers\Login.php(92): SpotifyWebAPI\Session->requestAccessToken('AQC44OT3EZRCcwA...')
#4 C:\xampp\htdocs\smartweb\vendor\codeigniter4\framework\system\CodeIgniter.php(936): App\Controllers\Login->callback()
#5 C:\xampp\htdocs\smartweb\vendor\codeigniter4\framework\system\CodeIgniter.php(432): CodeIgniter\CodeIgniter->runController(Object(App\Controllers\Login))
#6 C:\xampp\htdocs\smartweb\vendor\codeigniter4\framework\system\CodeIgniter.php(333): CodeIgniter\CodeIgniter->handleRequest(NULL, Object(Config\Cache), false)
#7 C:\xampp\htdocs\smartweb\public\index.php(44): CodeIgniter\CodeIgniter->run()
#8 C:\xampp\htdocs\smartweb\vendor\codeigniter4\framework\system\Commands\Server\rewrite.php(45): require_once('C:\\xampp\\htdocs...')
#9 {main}
CRITICAL - 2021-06-02 10:12:08 --> Invalid authorization code
#0 C:\xampp\htdocs\smartweb\vendor\jwilsson\spotify-web-api-php\src\Request.php(263): SpotifyWebAPI\Request->parseBody(Object(stdClass), 400)
#1 C:\xampp\htdocs\smartweb\vendor\jwilsson\spotify-web-api-php\src\Request.php(116): SpotifyWebAPI\Request->send('POST', 'https://account...', 'client_id=d1abe...', Array)
#2 C:\xampp\htdocs\smartweb\vendor\jwilsson\spotify-web-api-php\src\Session.php(248): SpotifyWebAPI\Request->account('POST', '/api/token', Array, Array)
#3 C:\xampp\htdocs\smartweb\app\Controllers\Login.php(92): SpotifyWebAPI\Session->requestAccessToken('AQC44OT3EZRCcwA...')
#4 C:\xampp\htdocs\smartweb\vendor\codeigniter4\framework\system\CodeIgniter.php(936): App\Controllers\Login->callback()
#5 C:\xampp\htdocs\smartweb\vendor\codeigniter4\framework\system\CodeIgniter.php(432): CodeIgniter\CodeIgniter->runController(Object(App\Controllers\Login))
#6 C:\xampp\htdocs\smartweb\vendor\codeigniter4\framework\system\CodeIgniter.php(333): CodeIgniter\CodeIgniter->handleRequest(NULL, Object(Config\Cache), false)
#7 C:\xampp\htdocs\smartweb\public\index.php(44): CodeIgniter\CodeIgniter->run()
#8 C:\xampp\htdocs\smartweb\vendor\codeigniter4\framework\system\Commands\Server\rewrite.php(45): require_once('C:\\xampp\\htdocs...')
#9 {main}
ERROR - 2021-06-02 10:12:13 --> mysqli_sql_exception: Duplicate entry 'Rangkuti' for key 'name' in C:\xampp\htdocs\smartweb\vendor\codeigniter4\framework\system\Database\MySQLi\Connection.php:314
Stack trace:
#0 C:\xampp\htdocs\smartweb\vendor\codeigniter4\framework\system\Database\MySQLi\Connection.php(314): mysqli->query('INSERT INTO `us...')
#1 C:\xampp\htdocs\smartweb\vendor\codeigniter4\framework\system\Database\BaseConnection.php(713): CodeIgniter\Database\MySQLi\Connection->execute('INSERT INTO `us...')
#2 C:\xampp\htdocs\smartweb\vendor\codeigniter4\framework\system\Database\BaseConnection.php(641): CodeIgniter\Database\BaseConnection->simpleQuery('INSERT INTO `us...')
#3 C:\xampp\htdocs\smartweb\vendor\codeigniter4\framework\system\Database\BaseBuilder.php(2263): CodeIgniter\Database\BaseConnection->query('INSERT INTO `us...', Array, false)
#4 C:\xampp\htdocs\smartweb\vendor\codeigniter4\framework\system\Model.php(278): CodeIgniter\Database\BaseBuilder->insert()
#5 C:\xampp\htdocs\smartweb\vendor\codeigniter4\framework\system\BaseModel.php(758): CodeIgniter\Model->doInsert(Array)
#6 C:\xampp\htdocs\smartweb\vendor\codeigniter4\framework\system\Model.php(705): CodeIgniter\BaseModel->insert(Array, true)
#7 C:\xampp\htdocs\smartweb\app\Controllers\Login.php(119): CodeIgniter\Model->insert(Array)
#8 C:\xampp\htdocs\smartweb\vendor\codeigniter4\framework\system\CodeIgniter.php(936): App\Controllers\Login->callback()
#9 C:\xampp\htdocs\smartweb\vendor\codeigniter4\framework\system\CodeIgniter.php(432): CodeIgniter\CodeIgniter->runController(Object(App\Controllers\Login))
#10 C:\xampp\htdocs\smartweb\vendor\codeigniter4\framework\system\CodeIgniter.php(333): CodeIgniter\CodeIgniter->handleRequest(NULL, Object(Config\Cache), false)
#11 C:\xampp\htdocs\smartweb\public\index.php(44): CodeIgniter\CodeIgniter->run()
#12 C:\xampp\htdocs\smartweb\vendor\codeigniter4\framework\system\Commands\Server\rewrite.php(45): require_once('C:\\xampp\\htdocs...')
#13 {main}
CRITICAL - 2021-06-02 10:12:13 --> Duplicate entry 'Rangkuti' for key 'name'
#0 C:\xampp\htdocs\smartweb\vendor\codeigniter4\framework\system\Database\MySQLi\Connection.php(314): mysqli->query('INSERT INTO `us...')
#1 C:\xampp\htdocs\smartweb\vendor\codeigniter4\framework\system\Database\BaseConnection.php(713): CodeIgniter\Database\MySQLi\Connection->execute('INSERT INTO `us...')
#2 C:\xampp\htdocs\smartweb\vendor\codeigniter4\framework\system\Database\BaseConnection.php(641): CodeIgniter\Database\BaseConnection->simpleQuery('INSERT INTO `us...')
#3 C:\xampp\htdocs\smartweb\vendor\codeigniter4\framework\system\Database\BaseBuilder.php(2263): CodeIgniter\Database\BaseConnection->query('INSERT INTO `us...', Array, false)
#4 C:\xampp\htdocs\smartweb\vendor\codeigniter4\framework\system\Model.php(278): CodeIgniter\Database\BaseBuilder->insert()
#5 C:\xampp\htdocs\smartweb\vendor\codeigniter4\framework\system\BaseModel.php(758): CodeIgniter\Model->doInsert(Array)
#6 C:\xampp\htdocs\smartweb\vendor\codeigniter4\framework\system\Model.php(705): CodeIgniter\BaseModel->insert(Array, true)
#7 C:\xampp\htdocs\smartweb\app\Controllers\Login.php(119): CodeIgniter\Model->insert(Array)
#8 C:\xampp\htdocs\smartweb\vendor\codeigniter4\framework\system\CodeIgniter.php(936): App\Controllers\Login->callback()
#9 C:\xampp\htdocs\smartweb\vendor\codeigniter4\framework\system\CodeIgniter.php(432): CodeIgniter\CodeIgniter->runController(Object(App\Controllers\Login))
#10 C:\xampp\htdocs\smartweb\vendor\codeigniter4\framework\system\CodeIgniter.php(333): CodeIgniter\CodeIgniter->handleRequest(NULL, Object(Config\Cache), false)
#11 C:\xampp\htdocs\smartweb\public\index.php(44): CodeIgniter\CodeIgniter->run()
#12 C:\xampp\htdocs\smartweb\vendor\codeigniter4\framework\system\Commands\Server\rewrite.php(45): require_once('C:\\xampp\\htdocs...')
#13 {main}
ERROR - 2021-06-02 10:12:38 --> mysqli_sql_exception: Duplicate entry 'Rangkuti' for key 'name' in C:\xampp\htdocs\smartweb\vendor\codeigniter4\framework\system\Database\MySQLi\Connection.php:314
Stack trace:
#0 C:\xampp\htdocs\smartweb\vendor\codeigniter4\framework\system\Database\MySQLi\Connection.php(314): mysqli->query('INSERT INTO `us...')
#1 C:\xampp\htdocs\smartweb\vendor\codeigniter4\framework\system\Database\BaseConnection.php(713): CodeIgniter\Database\MySQLi\Connection->execute('INSERT INTO `us...')
#2 C:\xampp\htdocs\smartweb\vendor\codeigniter4\framework\system\Database\BaseConnection.php(641): CodeIgniter\Database\BaseConnection->simpleQuery('INSERT INTO `us...')
#3 C:\xampp\htdocs\smartweb\vendor\codeigniter4\framework\system\Database\BaseBuilder.php(2263): CodeIgniter\Database\BaseConnection->query('INSERT INTO `us...', Array, false)
#4 C:\xampp\htdocs\smartweb\vendor\codeigniter4\framework\system\Model.php(278): CodeIgniter\Database\BaseBuilder->insert()
#5 C:\xampp\htdocs\smartweb\vendor\codeigniter4\framework\system\BaseModel.php(758): CodeIgniter\Model->doInsert(Array)
#6 C:\xampp\htdocs\smartweb\vendor\codeigniter4\framework\system\Model.php(705): CodeIgniter\BaseModel->insert(Array, true)
#7 C:\xampp\htdocs\smartweb\app\Controllers\Login.php(119): CodeIgniter\Model->insert(Array)
#8 C:\xampp\htdocs\smartweb\vendor\codeigniter4\framework\system\CodeIgniter.php(936): App\Controllers\Login->callback()
#9 C:\xampp\htdocs\smartweb\vendor\codeigniter4\framework\system\CodeIgniter.php(432): CodeIgniter\CodeIgniter->runController(Object(App\Controllers\Login))
#10 C:\xampp\htdocs\smartweb\vendor\codeigniter4\framework\system\CodeIgniter.php(333): CodeIgniter\CodeIgniter->handleRequest(NULL, Object(Config\Cache), false)
#11 C:\xampp\htdocs\smartweb\public\index.php(44): CodeIgniter\CodeIgniter->run()
#12 C:\xampp\htdocs\smartweb\vendor\codeigniter4\framework\system\Commands\Server\rewrite.php(45): require_once('C:\\xampp\\htdocs...')
#13 {main}
CRITICAL - 2021-06-02 10:12:38 --> Duplicate entry 'Rangkuti' for key 'name'
#0 C:\xampp\htdocs\smartweb\vendor\codeigniter4\framework\system\Database\MySQLi\Connection.php(314): mysqli->query('INSERT INTO `us...')
#1 C:\xampp\htdocs\smartweb\vendor\codeigniter4\framework\system\Database\BaseConnection.php(713): CodeIgniter\Database\MySQLi\Connection->execute('INSERT INTO `us...')
#2 C:\xampp\htdocs\smartweb\vendor\codeigniter4\framework\system\Database\BaseConnection.php(641): CodeIgniter\Database\BaseConnection->simpleQuery('INSERT INTO `us...')
#3 C:\xampp\htdocs\smartweb\vendor\codeigniter4\framework\system\Database\BaseBuilder.php(2263): CodeIgniter\Database\BaseConnection->query('INSERT INTO `us...', Array, false)
#4 C:\xampp\htdocs\smartweb\vendor\codeigniter4\framework\system\Model.php(278): CodeIgniter\Database\BaseBuilder->insert()
#5 C:\xampp\htdocs\smartweb\vendor\codeigniter4\framework\system\BaseModel.php(758): CodeIgniter\Model->doInsert(Array)
#6 C:\xampp\htdocs\smartweb\vendor\codeigniter4\framework\system\Model.php(705): CodeIgniter\BaseModel->insert(Array, true)
#7 C:\xampp\htdocs\smartweb\app\Controllers\Login.php(119): CodeIgniter\Model->insert(Array)
#8 C:\xampp\htdocs\smartweb\vendor\codeigniter4\framework\system\CodeIgniter.php(936): App\Controllers\Login->callback()
#9 C:\xampp\htdocs\smartweb\vendor\codeigniter4\framework\system\CodeIgniter.php(432): CodeIgniter\CodeIgniter->runController(Object(App\Controllers\Login))
#10 C:\xampp\htdocs\smartweb\vendor\codeigniter4\framework\system\CodeIgniter.php(333): CodeIgniter\CodeIgniter->handleRequest(NULL, Object(Config\Cache), false)
#11 C:\xampp\htdocs\smartweb\public\index.php(44): CodeIgniter\CodeIgniter->run()
#12 C:\xampp\htdocs\smartweb\vendor\codeigniter4\framework\system\Commands\Server\rewrite.php(45): require_once('C:\\xampp\\htdocs...')
#13 {main}
CRITICAL - 2021-06-02 10:13:08 --> Cannot use object of type stdClass as array
#0 C:\xampp\htdocs\smartweb\vendor\codeigniter4\framework\system\CodeIgniter.php(936): App\Controllers\Search->search('0I1Z9MNa7cIjpDu...')
#1 C:\xampp\htdocs\smartweb\vendor\codeigniter4\framework\system\CodeIgniter.php(432): CodeIgniter\CodeIgniter->runController(Object(App\Controllers\Search))
#2 C:\xampp\htdocs\smartweb\vendor\codeigniter4\framework\system\CodeIgniter.php(333): CodeIgniter\CodeIgniter->handleRequest(NULL, Object(Config\Cache), false)
#3 C:\xampp\htdocs\smartweb\public\index.php(44): CodeIgniter\CodeIgniter->run()
#4 C:\xampp\htdocs\smartweb\vendor\codeigniter4\framework\system\Commands\Server\rewrite.php(45): require_once('C:\\xampp\\htdocs...')
#5 {main}
CRITICAL - 2021-06-02 10:13:12 --> Cannot use object of type stdClass as array
#0 C:\xampp\htdocs\smartweb\vendor\codeigniter4\framework\system\CodeIgniter.php(936): App\Controllers\Search->search('0I1Z9MNa7cIjpDu...')
#1 C:\xampp\htdocs\smartweb\vendor\codeigniter4\framework\system\CodeIgniter.php(432): CodeIgniter\CodeIgniter->runController(Object(App\Controllers\Search))
#2 C:\xampp\htdocs\smartweb\vendor\codeigniter4\framework\system\CodeIgniter.php(333): CodeIgniter\CodeIgniter->handleRequest(NULL, Object(Config\Cache), false)
#3 C:\xampp\htdocs\smartweb\public\index.php(44): CodeIgniter\CodeIgniter->run()
#4 C:\xampp\htdocs\smartweb\vendor\codeigniter4\framework\system\Commands\Server\rewrite.php(45): require_once('C:\\xampp\\htdocs...')
#5 {main}
CRITICAL - 2021-06-02 10:13:22 --> Cannot use object of type stdClass as array
#0 C:\xampp\htdocs\smartweb\vendor\codeigniter4\framework\system\CodeIgniter.php(936): App\Controllers\Search->search('0I1Z9MNa7cIjpDu...')
#1 C:\xampp\htdocs\smartweb\vendor\codeigniter4\framework\system\CodeIgniter.php(432): CodeIgniter\CodeIgniter->runController(Object(App\Controllers\Search))
#2 C:\xampp\htdocs\smartweb\vendor\codeigniter4\framework\system\CodeIgniter.php(333): CodeIgniter\CodeIgniter->handleRequest(NULL, Object(Config\Cache), false)
#3 C:\xampp\htdocs\smartweb\public\index.php(44): CodeIgniter\CodeIgniter->run()
#4 C:\xampp\htdocs\smartweb\vendor\codeigniter4\framework\system\Commands\Server\rewrite.php(45): require_once('C:\\xampp\\htdocs...')
#5 {main}
CRITICAL - 2021-06-02 10:13:28 --> Cannot use object of type stdClass as array
#0 C:\xampp\htdocs\smartweb\vendor\codeigniter4\framework\system\CodeIgniter.php(936): App\Controllers\Search->index()
#1 C:\xampp\htdocs\smartweb\vendor\codeigniter4\framework\system\CodeIgniter.php(432): CodeIgniter\CodeIgniter->runController(Object(App\Controllers\Search))
#2 C:\xampp\htdocs\smartweb\vendor\codeigniter4\framework\system\CodeIgniter.php(333): CodeIgniter\CodeIgniter->handleRequest(NULL, Object(Config\Cache), false)
#3 C:\xampp\htdocs\smartweb\public\index.php(44): CodeIgniter\CodeIgniter->run()
#4 C:\xampp\htdocs\smartweb\vendor\codeigniter4\framework\system\Commands\Server\rewrite.php(45): require_once('C:\\xampp\\htdocs...')
#5 {main}
CRITICAL - 2021-06-02 10:13:41 --> Cannot use object of type stdClass as array
#0 C:\xampp\htdocs\smartweb\vendor\codeigniter4\framework\system\CodeIgniter.php(936): App\Controllers\Search->index()
#1 C:\xampp\htdocs\smartweb\vendor\codeigniter4\framework\system\CodeIgniter.php(432): CodeIgniter\CodeIgniter->runController(Object(App\Controllers\Search))
#2 C:\xampp\htdocs\smartweb\vendor\codeigniter4\framework\system\CodeIgniter.php(333): CodeIgniter\CodeIgniter->handleRequest(NULL, Object(Config\Cache), false)
#3 C:\xampp\htdocs\smartweb\public\index.php(44): CodeIgniter\CodeIgniter->run()
#4 C:\xampp\htdocs\smartweb\vendor\codeigniter4\framework\system\Commands\Server\rewrite.php(45): require_once('C:\\xampp\\htdocs...')
#5 {main}
CRITICAL - 2021-06-02 23:02:38 --> Undefined variable: episode
#0 C:\Users\ASUS\Desktop\smartweb\app\Views\search\episode.php(40): CodeIgniter\Debug\Exceptions->errorHandler(8, 'Undefined varia...', 'C:\\Users\\ASUS\\D...', 40, Array)
#1 C:\Users\ASUS\Desktop\smartweb\vendor\codeigniter4\framework\system\View\View.php(220): include('C:\\Users\\ASUS\\D...')
#2 C:\Users\ASUS\Desktop\smartweb\vendor\codeigniter4\framework\system\View\View.php(222): CodeIgniter\View\View->CodeIgniter\View\{closure}()
#3 C:\Users\ASUS\Desktop\smartweb\vendor\codeigniter4\framework\system\Common.php(1217): CodeIgniter\View\View->render('search/episode', Array, true)
#4 C:\Users\ASUS\Desktop\smartweb\app\Controllers\Search.php(94): view('search/episode', Array)
#5 C:\Users\ASUS\Desktop\smartweb\vendor\codeigniter4\framework\system\CodeIgniter.php(936): App\Controllers\Search->search('0I1Z9MNa7cIjpDu...')
#6 C:\Users\ASUS\Desktop\smartweb\vendor\codeigniter4\framework\system\CodeIgniter.php(432): CodeIgniter\CodeIgniter->runController(Object(App\Controllers\Search))
#7 C:\Users\ASUS\Desktop\smartweb\vendor\codeigniter4\framework\system\CodeIgniter.php(333): CodeIgniter\CodeIgniter->handleRequest(NULL, Object(Config\Cache), false)
#8 C:\Users\ASUS\Desktop\smartweb\public\index.php(44): CodeIgniter\CodeIgniter->run()
#9 C:\Users\ASUS\Desktop\smartweb\vendor\codeigniter4\framework\system\Commands\Server\rewrite.php(45): require_once('C:\\Users\\ASUS\\D...')
#10 {main}
CRITICAL - 2021-06-02 23:03:10 --> Undefined variable: episode
#0 C:\Users\ASUS\Desktop\smartweb\app\Views\search\episode.php(40): CodeIgniter\Debug\Exceptions->errorHandler(8, 'Undefined varia...', 'C:\\Users\\ASUS\\D...', 40, Array)
#1 C:\Users\ASUS\Desktop\smartweb\vendor\codeigniter4\framework\system\View\View.php(220): include('C:\\Users\\ASUS\\D...')
#2 C:\Users\ASUS\Desktop\smartweb\vendor\codeigniter4\framework\system\View\View.php(222): CodeIgniter\View\View->CodeIgniter\View\{closure}()
#3 C:\Users\ASUS\Desktop\smartweb\vendor\codeigniter4\framework\system\Common.php(1217): CodeIgniter\View\View->render('search/episode', Array, true)
#4 C:\Users\ASUS\Desktop\smartweb\app\Controllers\Search.php(94): view('search/episode', Array)
#5 C:\Users\ASUS\Desktop\smartweb\vendor\codeigniter4\framework\system\CodeIgniter.php(936): App\Controllers\Search->search('0I1Z9MNa7cIjpDu...')
#6 C:\Users\ASUS\Desktop\smartweb\vendor\codeigniter4\framework\system\CodeIgniter.php(432): CodeIgniter\CodeIgniter->runController(Object(App\Controllers\Search))
#7 C:\Users\ASUS\Desktop\smartweb\vendor\codeigniter4\framework\system\CodeIgniter.php(333): CodeIgniter\CodeIgniter->handleRequest(NULL, Object(Config\Cache), false)
#8 C:\Users\ASUS\Desktop\smartweb\public\index.php(44): CodeIgniter\CodeIgniter->run()
#9 C:\Users\ASUS\Desktop\smartweb\vendor\codeigniter4\framework\system\Commands\Server\rewrite.php(45): require_once('C:\\Users\\ASUS\\D...')
#10 {main}
CRITICAL - 2021-06-02 23:19:44 --> Undefined variable: episode
#0 C:\Users\ASUS\Desktop\smartweb\app\Views\search\episode.php(40): CodeIgniter\Debug\Exceptions->errorHandler(8, 'Undefined varia...', 'C:\\Users\\ASUS\\D...', 40, Array)
#1 C:\Users\ASUS\Desktop\smartweb\vendor\codeigniter4\framework\system\View\View.php(220): include('C:\\Users\\ASUS\\D...')
#2 C:\Users\ASUS\Desktop\smartweb\vendor\codeigniter4\framework\system\View\View.php(222): CodeIgniter\View\View->CodeIgniter\View\{closure}()
#3 C:\Users\ASUS\Desktop\smartweb\vendor\codeigniter4\framework\system\Common.php(1217): CodeIgniter\View\View->render('search/episode', Array, true)
#4 C:\Users\ASUS\Desktop\smartweb\app\Controllers\Search.php(94): view('search/episode', Array)
#5 C:\Users\ASUS\Desktop\smartweb\vendor\codeigniter4\framework\system\CodeIgniter.php(936): App\Controllers\Search->search('0I1Z9MNa7cIjpDu...')
#6 C:\Users\ASUS\Desktop\smartweb\vendor\codeigniter4\framework\system\CodeIgniter.php(432): CodeIgniter\CodeIgniter->runController(Object(App\Controllers\Search))
#7 C:\Users\ASUS\Desktop\smartweb\vendor\codeigniter4\framework\system\CodeIgniter.php(333): CodeIgniter\CodeIgniter->handleRequest(NULL, Object(Config\Cache), false)
#8 C:\Users\ASUS\Desktop\smartweb\public\index.php(44): CodeIgniter\CodeIgniter->run()
#9 C:\Users\ASUS\Desktop\smartweb\vendor\codeigniter4\framework\system\Commands\Server\rewrite.php(45): require_once('C:\\Users\\ASUS\\D...')
#10 {main}
CRITICAL - 2021-06-02 23:37:18 --> date_format() expects parameter 1 to be DateTimeInterface, string given
#0 [internal function]: CodeIgniter\Debug\Exceptions->errorHandler(2, 'date_format() e...', 'C:\\Users\\ASUS\\D...', 39, Array)
#1 C:\Users\ASUS\Desktop\smartweb\app\Views\search\episode.php(39): date_format('2021-06-02', 'F/d')
#2 C:\Users\ASUS\Desktop\smartweb\vendor\codeigniter4\framework\system\View\View.php(220): include('C:\\Users\\ASUS\\D...')
#3 C:\Users\ASUS\Desktop\smartweb\vendor\codeigniter4\framework\system\View\View.php(222): CodeIgniter\View\View->CodeIgniter\View\{closure}()
#4 C:\Users\ASUS\Desktop\smartweb\vendor\codeigniter4\framework\system\Common.php(1217): CodeIgniter\View\View->render('search/episode', Array, true)
#5 C:\Users\ASUS\Desktop\smartweb\app\Controllers\Search.php(94): view('search/episode', Array)
#6 C:\Users\ASUS\Desktop\smartweb\vendor\codeigniter4\framework\system\CodeIgniter.php(936): App\Controllers\Search->search('0I1Z9MNa7cIjpDu...')
#7 C:\Users\ASUS\Desktop\smartweb\vendor\codeigniter4\framework\system\CodeIgniter.php(432): CodeIgniter\CodeIgniter->runController(Object(App\Controllers\Search))
#8 C:\Users\ASUS\Desktop\smartweb\vendor\codeigniter4\framework\system\CodeIgniter.php(333): CodeIgniter\CodeIgniter->handleRequest(NULL, Object(Config\Cache), false)
#9 C:\Users\ASUS\Desktop\smartweb\public\index.php(44): CodeIgniter\CodeIgniter->run()
#10 C:\Users\ASUS\Desktop\smartweb\vendor\codeigniter4\framework\system\Commands\Server\rewrite.php(45): require_once('C:\\Users\\ASUS\\D...')
#11 {main}
