ERROR - 2021-06-03 00:41:30 --> Error connecting to the database: No connection could be made because the target machine actively refused it.

CRITICAL - 2021-06-03 00:41:30 --> Unable to connect to the database.
#0 C:\xampp\htdocs\smartweb\vendor\codeigniter4\framework\system\Database\BaseConnection.php(618): CodeIgniter\Database\BaseConnection->initialize()
#1 C:\xampp\htdocs\smartweb\vendor\codeigniter4\framework\system\Database\BaseBuilder.php(1866): CodeIgniter\Database\BaseConnection->query('SELECT *\nFROM `...', Array, false)
#2 C:\xampp\htdocs\smartweb\vendor\codeigniter4\framework\system\Model.php(169): CodeIgniter\Database\BaseBuilder->get()
#3 C:\xampp\htdocs\smartweb\vendor\codeigniter4\framework\system\BaseModel.php(518): CodeIgniter\Model->doFind(true, '214lx3fduj5kgg5...')
#4 C:\xampp\htdocs\smartweb\app\Controllers\Login.php(103): CodeIgniter\BaseModel->find('214lx3fduj5kgg5...')
#5 C:\xampp\htdocs\smartweb\vendor\codeigniter4\framework\system\CodeIgniter.php(936): App\Controllers\Login->callback()
#6 C:\xampp\htdocs\smartweb\vendor\codeigniter4\framework\system\CodeIgniter.php(432): CodeIgniter\CodeIgniter->runController(Object(App\Controllers\Login))
#7 C:\xampp\htdocs\smartweb\vendor\codeigniter4\framework\system\CodeIgniter.php(333): CodeIgniter\CodeIgniter->handleRequest(NULL, Object(Config\Cache), false)
#8 C:\xampp\htdocs\smartweb\public\index.php(44): CodeIgniter\CodeIgniter->run()
#9 C:\xampp\htdocs\smartweb\vendor\codeigniter4\framework\system\Commands\Server\rewrite.php(45): require_once('C:\\xampp\\htdocs...')
#10 {main}
CRITICAL - 2021-06-03 00:41:36 --> Invalid authorization code
#0 C:\xampp\htdocs\smartweb\vendor\jwilsson\spotify-web-api-php\src\Request.php(263): SpotifyWebAPI\Request->parseBody(Object(stdClass), 400)
#1 C:\xampp\htdocs\smartweb\vendor\jwilsson\spotify-web-api-php\src\Request.php(116): SpotifyWebAPI\Request->send('POST', 'https://account...', 'client_id=d1abe...', Array)
#2 C:\xampp\htdocs\smartweb\vendor\jwilsson\spotify-web-api-php\src\Session.php(248): SpotifyWebAPI\Request->account('POST', '/api/token', Array, Array)
#3 C:\xampp\htdocs\smartweb\app\Controllers\Login.php(92): SpotifyWebAPI\Session->requestAccessToken('AQCglAQC8qfzAYq...')
#4 C:\xampp\htdocs\smartweb\vendor\codeigniter4\framework\system\CodeIgniter.php(936): App\Controllers\Login->callback()
#5 C:\xampp\htdocs\smartweb\vendor\codeigniter4\framework\system\CodeIgniter.php(432): CodeIgniter\CodeIgniter->runController(Object(App\Controllers\Login))
#6 C:\xampp\htdocs\smartweb\vendor\codeigniter4\framework\system\CodeIgniter.php(333): CodeIgniter\CodeIgniter->handleRequest(NULL, Object(Config\Cache), false)
#7 C:\xampp\htdocs\smartweb\public\index.php(44): CodeIgniter\CodeIgniter->run()
#8 C:\xampp\htdocs\smartweb\vendor\codeigniter4\framework\system\Commands\Server\rewrite.php(45): require_once('C:\\xampp\\htdocs...')
#9 {main}
CRITICAL - 2021-06-03 01:14:22 --> Undefined variable: kategori
#0 C:\xampp\htdocs\smartweb\app\Views\kategori\isi.php(5): CodeIgniter\Debug\Exceptions->errorHandler(8, 'Undefined varia...', 'C:\\xampp\\htdocs...', 5, Array)
#1 C:\xampp\htdocs\smartweb\vendor\codeigniter4\framework\system\View\View.php(220): include('C:\\xampp\\htdocs...')
#2 C:\xampp\htdocs\smartweb\vendor\codeigniter4\framework\system\View\View.php(222): CodeIgniter\View\View->CodeIgniter\View\{closure}()
#3 C:\xampp\htdocs\smartweb\vendor\codeigniter4\framework\system\Common.php(1217): CodeIgniter\View\View->render('kategori/isi', Array, true)
#4 C:\xampp\htdocs\smartweb\app\Controllers\Dashboard.php(59): view('kategori/isi', Array)
#5 C:\xampp\htdocs\smartweb\vendor\codeigniter4\framework\system\CodeIgniter.php(936): App\Controllers\Dashboard->kategori('Top')
#6 C:\xampp\htdocs\smartweb\vendor\codeigniter4\framework\system\CodeIgniter.php(432): CodeIgniter\CodeIgniter->runController(Object(App\Controllers\Dashboard))
#7 C:\xampp\htdocs\smartweb\vendor\codeigniter4\framework\system\CodeIgniter.php(333): CodeIgniter\CodeIgniter->handleRequest(NULL, Object(Config\Cache), false)
#8 C:\xampp\htdocs\smartweb\public\index.php(44): CodeIgniter\CodeIgniter->run()
#9 C:\xampp\htdocs\smartweb\vendor\codeigniter4\framework\system\Commands\Server\rewrite.php(45): require_once('C:\\xampp\\htdocs...')
#10 {main}
CRITICAL - 2021-06-03 01:14:25 --> Undefined variable: kategori
#0 C:\xampp\htdocs\smartweb\app\Views\kategori\isi.php(5): CodeIgniter\Debug\Exceptions->errorHandler(8, 'Undefined varia...', 'C:\\xampp\\htdocs...', 5, Array)
#1 C:\xampp\htdocs\smartweb\vendor\codeigniter4\framework\system\View\View.php(220): include('C:\\xampp\\htdocs...')
#2 C:\xampp\htdocs\smartweb\vendor\codeigniter4\framework\system\View\View.php(222): CodeIgniter\View\View->CodeIgniter\View\{closure}()
#3 C:\xampp\htdocs\smartweb\vendor\codeigniter4\framework\system\Common.php(1217): CodeIgniter\View\View->render('kategori/isi', Array, true)
#4 C:\xampp\htdocs\smartweb\app\Controllers\Dashboard.php(59): view('kategori/isi', Array)
#5 C:\xampp\htdocs\smartweb\vendor\codeigniter4\framework\system\CodeIgniter.php(936): App\Controllers\Dashboard->kategori('Top')
#6 C:\xampp\htdocs\smartweb\vendor\codeigniter4\framework\system\CodeIgniter.php(432): CodeIgniter\CodeIgniter->runController(Object(App\Controllers\Dashboard))
#7 C:\xampp\htdocs\smartweb\vendor\codeigniter4\framework\system\CodeIgniter.php(333): CodeIgniter\CodeIgniter->handleRequest(NULL, Object(Config\Cache), false)
#8 C:\xampp\htdocs\smartweb\public\index.php(44): CodeIgniter\CodeIgniter->run()
#9 C:\xampp\htdocs\smartweb\vendor\codeigniter4\framework\system\Commands\Server\rewrite.php(45): require_once('C:\\xampp\\htdocs...')
#10 {main}
CRITICAL - 2021-06-03 23:19:27 --> Cannot use object of type stdClass as array
#0 C:\Users\ASUS\Desktop\smartweb\vendor\codeigniter4\framework\system\CodeIgniter.php(936): App\Controllers\Search->index()
#1 C:\Users\ASUS\Desktop\smartweb\vendor\codeigniter4\framework\system\CodeIgniter.php(432): CodeIgniter\CodeIgniter->runController(Object(App\Controllers\Search))
#2 C:\Users\ASUS\Desktop\smartweb\vendor\codeigniter4\framework\system\CodeIgniter.php(333): CodeIgniter\CodeIgniter->handleRequest(NULL, Object(Config\Cache), false)
#3 C:\Users\ASUS\Desktop\smartweb\public\index.php(44): CodeIgniter\CodeIgniter->run()
#4 C:\Users\ASUS\Desktop\smartweb\vendor\codeigniter4\framework\system\Commands\Server\rewrite.php(45): require_once('C:\\Users\\ASUS\\D...')
#5 {main}
CRITICAL - 2021-06-03 23:22:14 --> Trying to get property 'accToken' of non-object
#0 C:\Users\ASUS\Desktop\smartweb\app\Controllers\Search.php(35): CodeIgniter\Debug\Exceptions->errorHandler(8, 'Trying to get p...', 'C:\\Users\\ASUS\\D...', 35, Array)
#1 C:\Users\ASUS\Desktop\smartweb\vendor\codeigniter4\framework\system\CodeIgniter.php(936): App\Controllers\Search->index()
#2 C:\Users\ASUS\Desktop\smartweb\vendor\codeigniter4\framework\system\CodeIgniter.php(432): CodeIgniter\CodeIgniter->runController(Object(App\Controllers\Search))
#3 C:\Users\ASUS\Desktop\smartweb\vendor\codeigniter4\framework\system\CodeIgniter.php(333): CodeIgniter\CodeIgniter->handleRequest(NULL, Object(Config\Cache), false)
#4 C:\Users\ASUS\Desktop\smartweb\public\index.php(44): CodeIgniter\CodeIgniter->run()
#5 C:\Users\ASUS\Desktop\smartweb\vendor\codeigniter4\framework\system\Commands\Server\rewrite.php(45): require_once('C:\\Users\\ASUS\\D...')
#6 {main}
