CRITICAL - 2021-05-31 01:03:01 --> Invalid file: dashboard/isi.php
#0 C:\xampp\htdocs\smartweb\vendor\codeigniter4\framework\system\View\View.php(203): CodeIgniter\Exceptions\FrameworkException::forInvalidFile('dashboard/isi.p...')
#1 C:\xampp\htdocs\smartweb\vendor\codeigniter4\framework\system\Common.php(1217): CodeIgniter\View\View->render('dashboard/isi', Array, true)
#2 C:\xampp\htdocs\smartweb\app\Controllers\Dashboard.php(43): view('dashboard/isi', Array)
#3 C:\xampp\htdocs\smartweb\vendor\codeigniter4\framework\system\CodeIgniter.php(936): App\Controllers\Dashboard->isi()
#4 C:\xampp\htdocs\smartweb\vendor\codeigniter4\framework\system\CodeIgniter.php(432): CodeIgniter\CodeIgniter->runController(Object(App\Controllers\Dashboard))
#5 C:\xampp\htdocs\smartweb\vendor\codeigniter4\framework\system\CodeIgniter.php(333): CodeIgniter\CodeIgniter->handleRequest(NULL, Object(Config\Cache), false)
#6 C:\xampp\htdocs\smartweb\public\index.php(44): CodeIgniter\CodeIgniter->run()
#7 C:\xampp\htdocs\smartweb\vendor\codeigniter4\framework\system\Commands\Server\rewrite.php(45): require_once('C:\\xampp\\htdocs...')
#8 {main}
CRITICAL - 2021-05-31 02:48:30 --> Trying to get property 'id_pod' of non-object
#0 C:\Users\ASUS\Desktop\smartweb\app\Views\kategori\isi.php(8): CodeIgniter\Debug\Exceptions->errorHandler(8, 'Trying to get p...', 'C:\\Users\\ASUS\\D...', 8, Array)
#1 C:\Users\ASUS\Desktop\smartweb\vendor\codeigniter4\framework\system\View\View.php(220): include('C:\\Users\\ASUS\\D...')
#2 C:\Users\ASUS\Desktop\smartweb\vendor\codeigniter4\framework\system\View\View.php(222): CodeIgniter\View\View->CodeIgniter\View\{closure}()
#3 C:\Users\ASUS\Desktop\smartweb\vendor\codeigniter4\framework\system\Common.php(1217): CodeIgniter\View\View->render('kategori/isi', Array, true)
#4 C:\Users\ASUS\Desktop\smartweb\app\Controllers\Dashboard.php(50): view('kategori/isi', Array)
#5 C:\Users\ASUS\Desktop\smartweb\vendor\codeigniter4\framework\system\CodeIgniter.php(936): App\Controllers\Dashboard->kategori('Comedy')
#6 C:\Users\ASUS\Desktop\smartweb\vendor\codeigniter4\framework\system\CodeIgniter.php(432): CodeIgniter\CodeIgniter->runController(Object(App\Controllers\Dashboard))
#7 C:\Users\ASUS\Desktop\smartweb\vendor\codeigniter4\framework\system\CodeIgniter.php(333): CodeIgniter\CodeIgniter->handleRequest(NULL, Object(Config\Cache), false)
#8 C:\Users\ASUS\Desktop\smartweb\public\index.php(44): CodeIgniter\CodeIgniter->run()
#9 C:\Users\ASUS\Desktop\smartweb\vendor\codeigniter4\framework\system\Commands\Server\rewrite.php(45): require_once('C:\\Users\\ASUS\\D...')
#10 {main}
CRITICAL - 2021-05-31 02:51:45 --> Undefined index: url
#0 C:\Users\ASUS\Desktop\smartweb\app\Views\kategori\isi.php(10): CodeIgniter\Debug\Exceptions->errorHandler(8, 'Undefined index...', 'C:\\Users\\ASUS\\D...', 10, Array)
#1 C:\Users\ASUS\Desktop\smartweb\vendor\codeigniter4\framework\system\View\View.php(220): include('C:\\Users\\ASUS\\D...')
#2 C:\Users\ASUS\Desktop\smartweb\vendor\codeigniter4\framework\system\View\View.php(222): CodeIgniter\View\View->CodeIgniter\View\{closure}()
#3 C:\Users\ASUS\Desktop\smartweb\vendor\codeigniter4\framework\system\Common.php(1217): CodeIgniter\View\View->render('kategori/isi', Array, true)
#4 C:\Users\ASUS\Desktop\smartweb\app\Controllers\Dashboard.php(50): view('kategori/isi', Array)
#5 C:\Users\ASUS\Desktop\smartweb\vendor\codeigniter4\framework\system\CodeIgniter.php(936): App\Controllers\Dashboard->kategori('Comedy')
#6 C:\Users\ASUS\Desktop\smartweb\vendor\codeigniter4\framework\system\CodeIgniter.php(432): CodeIgniter\CodeIgniter->runController(Object(App\Controllers\Dashboard))
#7 C:\Users\ASUS\Desktop\smartweb\vendor\codeigniter4\framework\system\CodeIgniter.php(333): CodeIgniter\CodeIgniter->handleRequest(NULL, Object(Config\Cache), false)
#8 C:\Users\ASUS\Desktop\smartweb\public\index.php(44): CodeIgniter\CodeIgniter->run()
#9 C:\Users\ASUS\Desktop\smartweb\vendor\codeigniter4\framework\system\Commands\Server\rewrite.php(45): require_once('C:\\Users\\ASUS\\D...')
#10 {main}
