CRITICAL - 2021-05-27 07:24:37 --> Undefined property: stdClass::$shows
#0 C:\Users\ASUS\Desktop\smartweb\app\Views\search\search.php(5): CodeIgniter\Debug\Exceptions->errorHandler(8, 'Undefined prope...', 'C:\\Users\\ASUS\\D...', 5, Array)
#1 C:\Users\ASUS\Desktop\smartweb\vendor\codeigniter4\framework\system\View\View.php(220): include('C:\\Users\\ASUS\\D...')
#2 C:\Users\ASUS\Desktop\smartweb\vendor\codeigniter4\framework\system\View\View.php(222): CodeIgniter\View\View->CodeIgniter\View\{closure}()
#3 C:\Users\ASUS\Desktop\smartweb\vendor\codeigniter4\framework\system\Common.php(1217): CodeIgniter\View\View->render('search/search', Array, true)
#4 C:\Users\ASUS\Desktop\smartweb\app\Controllers\Search.php(81): view('search/search', Array)
#5 C:\Users\ASUS\Desktop\smartweb\vendor\codeigniter4\framework\system\CodeIgniter.php(936): App\Controllers\Search->search('abc')
#6 C:\Users\ASUS\Desktop\smartweb\vendor\codeigniter4\framework\system\CodeIgniter.php(432): CodeIgniter\CodeIgniter->runController(Object(App\Controllers\Search))
#7 C:\Users\ASUS\Desktop\smartweb\vendor\codeigniter4\framework\system\CodeIgniter.php(333): CodeIgniter\CodeIgniter->handleRequest(NULL, Object(Config\Cache), false)
#8 C:\Users\ASUS\Desktop\smartweb\public\index.php(44): CodeIgniter\CodeIgniter->run()
#9 C:\Users\ASUS\Desktop\smartweb\vendor\codeigniter4\framework\system\Commands\Server\rewrite.php(45): require_once('C:\\Users\\ASUS\\D...')
#10 {main}
CRITICAL - 2021-05-27 07:26:13 --> No search query
#0 C:\Users\ASUS\Desktop\smartweb\vendor\jwilsson\spotify-web-api-php\src\Request.php(263): SpotifyWebAPI\Request->parseBody(Object(stdClass), 400)
#1 C:\Users\ASUS\Desktop\smartweb\vendor\jwilsson\spotify-web-api-php\src\Request.php(138): SpotifyWebAPI\Request->send('GET', 'https://api.spo...', 'limit=10&type=s...', Array)
#2 C:\Users\ASUS\Desktop\smartweb\vendor\jwilsson\spotify-web-api-php\src\SpotifyWebAPI.php(115): SpotifyWebAPI\Request->api('GET', '/v1/search', Array, Array)
#3 C:\Users\ASUS\Desktop\smartweb\vendor\jwilsson\spotify-web-api-php\src\SpotifyWebAPI.php(1950): SpotifyWebAPI\SpotifyWebAPI->sendRequest('GET', '/v1/search', Array)
#4 C:\Users\ASUS\Desktop\smartweb\app\Controllers\Search.php(35): SpotifyWebAPI\SpotifyWebAPI->search(NULL, 'show', Array)
#5 C:\Users\ASUS\Desktop\smartweb\vendor\codeigniter4\framework\system\CodeIgniter.php(936): App\Controllers\Search->index()
#6 C:\Users\ASUS\Desktop\smartweb\vendor\codeigniter4\framework\system\CodeIgniter.php(432): CodeIgniter\CodeIgniter->runController(Object(App\Controllers\Search))
#7 C:\Users\ASUS\Desktop\smartweb\vendor\codeigniter4\framework\system\CodeIgniter.php(333): CodeIgniter\CodeIgniter->handleRequest(NULL, Object(Config\Cache), false)
#8 C:\Users\ASUS\Desktop\smartweb\public\index.php(44): CodeIgniter\CodeIgniter->run()
#9 C:\Users\ASUS\Desktop\smartweb\vendor\codeigniter4\framework\system\Commands\Server\rewrite.php(45): require_once('C:\\Users\\ASUS\\D...')
#10 {main}
CRITICAL - 2021-05-27 07:39:48 --> Undefined variable: pod_name
#0 C:\Users\ASUS\Desktop\smartweb\app\Controllers\Search.php(54): CodeIgniter\Debug\Exceptions->errorHandler(8, 'Undefined varia...', 'C:\\Users\\ASUS\\D...', 54, Array)
#1 C:\Users\ASUS\Desktop\smartweb\vendor\codeigniter4\framework\system\CodeIgniter.php(936): App\Controllers\Search->search('0I1Z9MNa7cIjpDu...')
#2 C:\Users\ASUS\Desktop\smartweb\vendor\codeigniter4\framework\system\CodeIgniter.php(432): CodeIgniter\CodeIgniter->runController(Object(App\Controllers\Search))
#3 C:\Users\ASUS\Desktop\smartweb\vendor\codeigniter4\framework\system\CodeIgniter.php(333): CodeIgniter\CodeIgniter->handleRequest(NULL, Object(Config\Cache), false)
#4 C:\Users\ASUS\Desktop\smartweb\public\index.php(44): CodeIgniter\CodeIgniter->run()
#5 C:\Users\ASUS\Desktop\smartweb\vendor\codeigniter4\framework\system\Commands\Server\rewrite.php(45): require_once('C:\\Users\\ASUS\\D...')
#6 {main}
CRITICAL - 2021-05-27 07:49:45 --> Object of class stdClass could not be converted to string
#0 C:\Users\ASUS\Desktop\smartweb\app\Controllers\Search.php(70): CodeIgniter\Debug\Exceptions->errorHandler(4096, 'Object of class...', 'C:\\Users\\ASUS\\D...', 70, Array)
#1 C:\Users\ASUS\Desktop\smartweb\vendor\codeigniter4\framework\system\CodeIgniter.php(936): App\Controllers\Search->search('0I1Z9MNa7cIjpDu...')
#2 C:\Users\ASUS\Desktop\smartweb\vendor\codeigniter4\framework\system\CodeIgniter.php(432): CodeIgniter\CodeIgniter->runController(Object(App\Controllers\Search))
#3 C:\Users\ASUS\Desktop\smartweb\vendor\codeigniter4\framework\system\CodeIgniter.php(333): CodeIgniter\CodeIgniter->handleRequest(NULL, Object(Config\Cache), false)
#4 C:\Users\ASUS\Desktop\smartweb\public\index.php(44): CodeIgniter\CodeIgniter->run()
#5 C:\Users\ASUS\Desktop\smartweb\vendor\codeigniter4\framework\system\Commands\Server\rewrite.php(45): require_once('C:\\Users\\ASUS\\D...')
#6 {main}
